\BOOKMARK [0][-]{part.1}{\376\377\000I\000\040\000A\000l\000g\000e\000b\000r\000a\000i\000c\000\040\000G\000e\000o\000m\000e\000t\000r\000y\000,\000\040\000H\000a\000r\000t\000s\000h\000o\000r\000n\000e}{}% 1
\BOOKMARK [1][-]{section.1}{\376\377\000V\000a\000r\000i\000e\000t\000i\000e\000s}{part.1}% 2
\BOOKMARK [2][-]{subsection.1.1}{\376\377\000A\000f\000f\000i\000n\000e\000\040\000V\000a\000r\000i\000e\000t\000i\000e\000s}{section.1}% 3
\BOOKMARK [2][-]{subsection.1.2}{\376\377\000P\000r\000o\000j\000e\000c\000t\000i\000v\000e\000\040\000V\000a\000r\000i\000e\000t\000i\000e\000s}{section.1}% 4
\BOOKMARK [2][-]{subsection.1.3}{\376\377\000M\000o\000r\000p\000h\000i\000s\000m\000s}{section.1}% 5
\BOOKMARK [2][-]{subsection.1.4}{\376\377\000R\000a\000t\000i\000o\000n\000a\000l\000\040\000M\000a\000p\000s}{section.1}% 6
\BOOKMARK [2][-]{subsection.1.5}{\376\377\000N\000o\000n\000s\000i\000n\000g\000u\000l\000a\000r\000\040\000V\000a\000r\000i\000e\000t\000i\000e\000s}{section.1}% 7
\BOOKMARK [2][-]{subsection.1.6}{\376\377\000N\000o\000n\000s\000i\000n\000g\000u\000l\000a\000r\000\040\000C\000u\000r\000v\000e\000s}{section.1}% 8
\BOOKMARK [2][-]{subsection.1.7}{\376\377\000I\000n\000t\000e\000r\000s\000e\000c\000t\000i\000o\000n\000s\000\040\000i\000n\000\040\000P\000r\000o\000j\000e\000c\000t\000i\000v\000e\000\040\000S\000p\000a\000c\000e}{section.1}% 9
\BOOKMARK [1][-]{section.2}{\376\377\000S\000c\000h\000e\000m\000e\000s}{part.1}% 10
\BOOKMARK [2][-]{subsection.2.1}{\376\377\000S\000h\000e\000a\000v\000e\000s}{section.2}% 11
\BOOKMARK [2][-]{subsection.2.2}{\376\377\000S\000c\000h\000e\000m\000e\000s}{section.2}% 12
\BOOKMARK [2][-]{subsection.2.3}{\376\377\000F\000i\000r\000s\000t\000\040\000P\000r\000o\000p\000e\000r\000t\000i\000e\000s\000\040\000o\000f\000\040\000S\000c\000h\000e\000m\000e\000s}{section.2}% 13
\BOOKMARK [2][-]{subsection.2.4}{\376\377\000S\000e\000p\000a\000r\000a\000t\000e\000d\000\040\000a\000n\000d\000\040\000P\000r\000o\000p\000e\000r\000\040\000M\000o\000r\000p\000h\000i\000s\000m\000s}{section.2}% 14
\BOOKMARK [2][-]{subsection.2.5}{\376\377\000S\000h\000e\000a\000v\000e\000s\000\040\000o\000f\000\040\000M\000o\000d\000u\000l\000e\000s}{section.2}% 15
\BOOKMARK [2][-]{subsection.2.6}{\376\377\000D\000i\000v\000i\000s\000o\000r\000s}{section.2}% 16
\BOOKMARK [2][-]{subsection.2.7}{\376\377\000P\000r\000o\000j\000e\000c\000t\000i\000v\000e\000\040\000M\000o\000r\000p\000h\000i\000s\000m\000s}{section.2}% 17
\BOOKMARK [2][-]{subsection.2.8}{\376\377\000D\000i\000f\000f\000e\000r\000e\000n\000t\000i\000a\000l\000s}{section.2}% 18
\BOOKMARK [2][-]{subsection.2.9}{\376\377\000F\000o\000r\000m\000a\000l\000\040\000S\000c\000h\000e\000m\000e\000s}{section.2}% 19
\BOOKMARK [1][-]{section.3}{\376\377\000C\000o\000h\000o\000m\000o\000l\000o\000g\000y}{part.1}% 20
\BOOKMARK [2][-]{subsection.3.1}{\376\377\000D\000e\000r\000i\000v\000e\000d\000\040\000F\000u\000n\000c\000t\000o\000r\000s}{section.3}% 21
\BOOKMARK [2][-]{subsection.3.2}{\376\377\000C\000o\000h\000o\000m\000o\000l\000o\000g\000y\000\040\000o\000f\000\040\000S\000h\000e\000a\000v\000e\000s}{section.3}% 22
\BOOKMARK [2][-]{subsection.3.3}{\376\377\000C\000o\000h\000o\000m\000o\000l\000o\000g\000y\000\040\000o\000f\000\040\000a\000\040\000N\000o\000e\000t\000h\000e\000r\000i\000a\000n\000\040\000A\000f\000f\000i\000n\000e\000\040\000S\000c\000h\000e\000m\000e}{section.3}% 23
\BOOKMARK [2][-]{subsection.3.4}{\376\377\000C\000e\000c\000h\000\040\000C\000o\000h\000o\000m\000o\000l\000o\000g\000y}{section.3}% 24
\BOOKMARK [2][-]{subsection.3.5}{\376\377\000T\000h\000e\000\040\000C\000o\000h\000o\000m\000o\000l\000o\000g\000y\000\040\000o\000f\000\040\000P\000r\000o\000j\000e\000c\000t\000i\000v\000e\000\040\000S\000p\000a\000c\000e}{section.3}% 25
\BOOKMARK [2][-]{subsection.3.6}{\376\377\000E\000x\000t\000\040\000G\000r\000o\000u\000p\000s\000\040\000a\000n\000d\000\040\000S\000h\000e\000a\000v\000e\000s}{section.3}% 26
\BOOKMARK [2][-]{subsection.3.7}{\376\377\000T\000h\000e\000\040\000S\000e\000r\000r\000e\000\040\000D\000u\000a\000l\000i\000t\000y\000\040\000T\000h\000e\000o\000r\000e\000m}{section.3}% 27
\BOOKMARK [2][-]{subsection.3.8}{\376\377\000H\000i\000g\000h\000e\000r\000\040\000D\000i\000r\000e\000c\000t\000\040\000I\000m\000a\000g\000e\000s\000\040\000o\000f\000\040\000S\000h\000e\000a\000v\000e\000s}{section.3}% 28
\BOOKMARK [2][-]{subsection.3.9}{\376\377\000F\000l\000a\000t\000\040\000M\000o\000r\000p\000h\000i\000s\000m\000s}{section.3}% 29
\BOOKMARK [2][-]{subsection.3.10}{\376\377\000S\000m\000o\000o\000t\000h\000\040\000M\000o\000r\000p\000h\000i\000s\000m\000s}{section.3}% 30
\BOOKMARK [2][-]{subsection.3.11}{\376\377\000T\000h\000e\000\040\000T\000h\000e\000o\000r\000e\000m\000\040\000o\000n\000\040\000F\000o\000r\000m\000a\000l\000\040\000F\000u\000n\000c\000t\000i\000o\000n\000s}{section.3}% 31
\BOOKMARK [2][-]{subsection.3.12}{\376\377\000T\000h\000e\000\040\000S\000e\000m\000i\000c\000o\000n\000t\000i\000n\000u\000i\000t\000y\000\040\000T\000h\000e\000o\000r\000e\000m}{section.3}% 32
\BOOKMARK [1][-]{section.4}{\376\377\000C\000u\000r\000v\000e\000s}{part.1}% 33
\BOOKMARK [2][-]{subsection.4.1}{\376\377\000R\000i\000e\000m\000a\000n\000n\000-\000R\000o\000c\000h\000\040\000T\000h\000e\000o\000r\000e\000m}{section.4}% 34
\BOOKMARK [2][-]{subsection.4.2}{\376\377\000H\000u\000r\000w\000i\000t\000z\000'\000s\000\040\000T\000h\000e\000o\000r\000e\000m}{section.4}% 35
\BOOKMARK [2][-]{subsection.4.3}{\376\377\000E\000m\000b\000e\000d\000d\000i\000n\000g\000s\000\040\000i\000n\000\040\000P\000r\000o\000j\000e\000c\000t\000i\000v\000e\000\040\000S\000p\000a\000c\000e}{section.4}% 36
\BOOKMARK [2][-]{subsection.4.4}{\376\377\000E\000l\000l\000i\000p\000t\000i\000c\000\040\000C\000u\000r\000v\000e\000s}{section.4}% 37
\BOOKMARK [2][-]{subsection.4.5}{\376\377\000T\000h\000e\000\040\000C\000a\000n\000o\000n\000i\000c\000a\000l\000\040\000E\000m\000b\000e\000d\000d\000i\000n\000g}{section.4}% 38
\BOOKMARK [2][-]{subsection.4.6}{\376\377\000C\000l\000a\000s\000s\000i\000f\000i\000c\000a\000t\000i\000o\000n\000\040\000o\000f\000\040\000C\000u\000r\000v\000e\000s\000\040\000i\000n\000\040\000P\0003}{section.4}% 39
\BOOKMARK [1][-]{section.5}{\376\377\000S\000u\000r\000f\000a\000c\000e\000s}{part.1}% 40
\BOOKMARK [2][-]{subsection.5.1}{\376\377\000G\000e\000o\000m\000e\000t\000r\000y\000\040\000o\000n\000\040\000a\000\040\000S\000u\000r\000f\000a\000c\000e}{section.5}% 41
\BOOKMARK [2][-]{subsection.5.2}{\376\377\000R\000u\000l\000e\000d\000\040\000S\000u\000r\000f\000a\000c\000e\000s}{section.5}% 42
\BOOKMARK [2][-]{subsection.5.3}{\376\377\000M\000o\000n\000o\000i\000d\000a\000l\000\040\000T\000r\000a\000n\000s\000f\000o\000r\000m\000a\000t\000i\000o\000n\000s}{section.5}% 43
\BOOKMARK [2][-]{subsection.5.4}{\376\377\000T\000h\000e\000\040\000C\000u\000b\000i\000c\000\040\000S\000u\000r\000f\000a\000c\000e\000\040\000i\000n\000\040\000P\000n}{section.5}% 44
\BOOKMARK [2][-]{subsection.5.5}{\376\377\000B\000i\000r\000a\000t\000i\000o\000n\000a\000l\000\040\000T\000r\000a\000n\000s\000f\000o\000r\000m\000a\000t\000i\000o\000n\000s}{section.5}% 45
\BOOKMARK [2][-]{subsection.5.6}{\376\377\000C\000l\000a\000s\000s\000i\000f\000i\000c\000a\000t\000i\000o\000n\000\040\000o\000f\000\040\000S\000u\000r\000f\000a\000c\000e\000s}{section.5}% 46
\BOOKMARK [0][-]{part.2}{\376\377\000I\000I\000\040\000C\000o\000m\000m\000u\000t\000a\000t\000i\000v\000e\000\040\000G\000e\000o\000m\000e\000t\000r\000y\000\040\000w\000i\000t\000h\000\040\000a\000\040\000V\000i\000e\000w\000\040\000T\000o\000w\000a\000r\000d\000\040\000A\000l\000g\000e\000b\000r\000a\000i\000c\000\040\000G\000e\000o\000m\000e\000t\000r\000y\000,\000\040\000E\000i\000s\000e\000n\000b\000u\000d}{}% 47
\BOOKMARK [1][-]{section.6}{\376\377\000P\000r\000e\000l\000i\000m\000i\000n\000a\000r\000i\000e\000s}{part.2}% 48
\BOOKMARK [2][-]{subsection.6.1}{\376\377\000R\000i\000n\000g\000s\000\040\000a\000n\000d\000\040\000I\000d\000e\000a\000l\000s}{section.6}% 49
\BOOKMARK [3][-]{subsubsection.6.1.1}{\376\377\000U\000n\000i\000q\000u\000e\000\040\000F\000a\000c\000t\000o\000r\000i\000s\000a\000t\000i\000o\000n}{subsection.6.1}% 50
\BOOKMARK [3][-]{subsubsection.6.1.2}{\376\377\000M\000o\000d\000u\000l\000e\000s}{subsection.6.1}% 51
\BOOKMARK [1][-]{section.7}{\376\377\000B\000a\000s\000i\000c\000\040\000C\000o\000n\000s\000t\000r\000u\000c\000t\000i\000o\000n\000s}{part.2}% 52
\BOOKMARK [2][-]{subsection.7.1}{\376\377\000L\000o\000c\000a\000l\000i\000s\000a\000t\000i\000o\000n}{section.7}% 53
\BOOKMARK [3][-]{subsubsection.7.1.1}{\376\377\000F\000r\000a\000c\000t\000i\000o\000n\000s}{subsection.7.1}% 54
\BOOKMARK [3][-]{subsubsection.7.1.2}{\376\377\000H\000o\000m\000\040\000a\000n\000d\000\040\000T\000e\000n\000s\000o\000r}{subsection.7.1}% 55
\BOOKMARK [3][-]{subsubsection.7.1.3}{\376\377\000T\000h\000e\000\040\000C\000o\000n\000s\000t\000r\000u\000c\000t\000i\000o\000n\000\040\000o\000f\000\040\000P\000r\000i\000m\000e\000s}{subsection.7.1}% 56
\BOOKMARK [3][-]{subsubsection.7.1.4}{\376\377\000R\000i\000n\000g\000s\000\040\000a\000n\000d\000\040\000M\000o\000d\000u\000l\000e\000s\000\040\000o\000f\000\040\000F\000i\000n\000i\000t\000e\000\040\000L\000e\000n\000g\000t\000h}{subsection.7.1}% 57
\BOOKMARK [3][-]{subsubsection.7.1.5}{\376\377\000P\000r\000o\000d\000u\000c\000t\000s\000\040\000o\000f\000\040\000D\000o\000m}{subsection.7.1}% 58
\BOOKMARK [2][-]{subsection.7.2}{\376\377\000A\000s\000s\000o\000c\000i\000a\000t\000e\000d\000\040\000P\000r\000i\000m\000e\000s\000\040\000a\000n\000d\000\040\000P\000r\000i\000m\000a\000r\000y\000\040\000D\000e\000c\000o\000m\000p\000o\000s\000i\000t\000i\000o\000n}{section.7}% 59
\BOOKMARK [3][-]{subsubsection.7.2.1}{\376\377\000A\000s\000s\000o\000c\000i\000a\000t\000e\000d\000\040\000P\000r\000i\000m\000e\000s}{subsection.7.2}% 60
\BOOKMARK [3][-]{subsubsection.7.2.2}{\376\377\000P\000r\000i\000m\000e\000\040\000A\000v\000o\000i\000d\000a\000n\000c\000e}{subsection.7.2}% 61
\BOOKMARK [3][-]{subsubsection.7.2.3}{\376\377\000P\000r\000i\000m\000a\000r\000y\000\040\000D\000e\000c\000o\000m\000p\000o\000s\000i\000t\000i\000o\000n}{subsection.7.2}% 62
\BOOKMARK [3][-]{subsubsection.7.2.4}{\376\377\000P\000r\000i\000m\000a\000r\000y\000\040\000D\000e\000c\000o\000m\000p\000o\000s\000i\000t\000i\000o\000n\000\040\000a\000n\000d\000\040\000F\000a\000c\000t\000o\000r\000a\000l\000i\000t\000y}{subsection.7.2}% 63
\BOOKMARK [3][-]{subsubsection.7.2.5}{\376\377\000P\000r\000i\000m\000a\000r\000y\000\040\000D\000e\000c\000o\000m\000p\000o\000s\000i\000t\000i\000o\000n\000\040\000i\000n\000\040\000t\000h\000e\000\040\000G\000r\000a\000d\000e\000d\000\040\000C\000a\000s\000e}{subsection.7.2}% 64
\BOOKMARK [3][-]{subsubsection.7.2.6}{\376\377\000E\000x\000t\000r\000a\000c\000t\000i\000n\000g\000\040\000I\000n\000f\000o\000r\000m\000a\000t\000i\000o\000n\000\040\000f\000o\000r\000m\000\040\000P\000r\000i\000m\000a\000r\000y\000\040\000D\000e\000c\000o\000m\000p\000o\000s\000i\000t\000i\000o\000n}{subsection.7.2}% 65
\BOOKMARK [3][-]{subsubsection.7.2.7}{\376\377\000W\000h\000y\000\040\000P\000r\000i\000m\000a\000r\000y\000\040\000D\000e\000c\000o\000m\000p\000o\000s\000i\000t\000i\000o\000n\000\040\000i\000s\000\040\000n\000o\000t\000\040\000U\000n\000i\000q\000u\000e}{subsection.7.2}% 66
\BOOKMARK [3][-]{subsubsection.7.2.8}{\376\377\000G\000e\000o\000m\000e\000t\000r\000i\000c\000\040\000I\000n\000t\000e\000r\000p\000r\000e\000t\000a\000t\000i\000o\000n\000\040\000o\000f\000\040\000P\000r\000i\000m\000a\000r\000y\000\040\000D\000e\000c\000o\000m\000p\000o\000s\000i\000t\000i\000o\000n}{subsection.7.2}% 67
\BOOKMARK [3][-]{subsubsection.7.2.9}{\376\377\000S\000y\000m\000b\000o\000l\000i\000c\000\040\000P\000o\000w\000e\000r\000s\000\040\000a\000n\000d\000\040\000F\000u\000n\000c\000t\000i\000o\000n\000s\000\040\000V\000a\000n\000i\000s\000h\000i\000n\000g\000\040\000t\000o\000\040\000H\000i\000g\000h\000\040\000O\000r\000d\000e\000r}{subsection.7.2}% 68
\BOOKMARK [2][-]{subsection.7.3}{\376\377\000I\000n\000t\000e\000g\000r\000a\000l\000\040\000D\000e\000p\000e\000n\000d\000e\000n\000c\000e\000\040\000a\000n\000d\000\040\000t\000h\000e\000\040\000N\000u\000l\000l\000s\000t\000e\000l\000l\000e\000n\000s\000a\000t\000z}{section.7}% 69
\BOOKMARK [3][-]{subsubsection.7.3.1}{\376\377\000T\000h\000e\000\040\000C\000a\000y\000l\000e\000y\000-\000H\000a\000m\000i\000l\000t\000o\000n\000\040\000T\000h\000e\000o\000r\000e\000m\000\040\000a\000n\000d\000\040\000N\000a\000k\000a\000y\000a\000m\000a\000'\000s\000\040\000L\000e\000m\000m\000a}{subsection.7.3}% 70
\BOOKMARK [3][-]{subsubsection.7.3.2}{\376\377\000N\000o\000r\000m\000a\000l\000\040\000D\000o\000m\000a\000i\000n\000s\000\040\000a\000n\000d\000\040\000t\000h\000e\000\040\000N\000o\000r\000m\000a\000l\000i\000s\000a\000t\000i\000o\000n\000\040\000P\000r\000o\000c\000e\000s\000s}{subsection.7.3}% 71
\BOOKMARK [3][-]{subsubsection.7.3.3}{\376\377\000N\000o\000r\000m\000a\000l\000i\000s\000a\000t\000i\000o\000n\000\040\000i\000n\000\040\000t\000h\000e\000\040\000A\000n\000a\000l\000y\000t\000i\000c\000\040\000C\000a\000s\000e}{subsection.7.3}% 72
\BOOKMARK [3][-]{subsubsection.7.3.4}{\376\377\000P\000r\000i\000m\000e\000s\000\040\000i\000n\000\040\000a\000n\000\040\000I\000n\000t\000e\000g\000r\000a\000l\000\040\000E\000x\000t\000e\000n\000s\000i\000o\000n}{subsection.7.3}% 73
\BOOKMARK [3][-]{subsubsection.7.3.5}{\376\377\000T\000h\000e\000\040\000N\000u\000l\000l\000s\000t\000e\000l\000l\000e\000n\000s\000a\000t\000z}{subsection.7.3}% 74
\BOOKMARK [2][-]{subsection.7.4}{\376\377\000F\000i\000l\000t\000r\000a\000t\000i\000o\000n\000s\000\040\000a\000n\000d\000\040\000t\000h\000e\000\040\000A\000r\000t\000i\000n\000-\000R\000e\000e\000s\000\040\000L\000e\000m\000m\000a}{section.7}% 75
\BOOKMARK [3][-]{subsubsection.7.4.1}{\376\377\000A\000s\000s\000o\000c\000i\000a\000t\000e\000d\000\040\000G\000r\000a\000d\000e\000d\000\040\000R\000i\000n\000g\000s\000\040\000a\000n\000d\000\040\000M\000o\000d\000u\000l\000e\000s}{subsection.7.4}% 76
\BOOKMARK [3][-]{subsubsection.7.4.2}{\376\377\000T\000h\000e\000\040\000B\000l\000o\000w\000u\000p\000\040\000A\000l\000g\000e\000b\000r\000a}{subsection.7.4}% 77
\BOOKMARK [3][-]{subsubsection.7.4.3}{\376\377\000T\000h\000e\000\040\000K\000r\000u\000l\000l\000\040\000I\000n\000t\000e\000r\000s\000e\000c\000t\000i\000o\000n\000\040\000T\000h\000e\000o\000r\000e\000m}{subsection.7.4}% 78
\BOOKMARK [3][-]{subsubsection.7.4.4}{\376\377\000T\000h\000e\000\040\000T\000a\000n\000g\000e\000n\000t\000\040\000C\000o\000n\000e}{subsection.7.4}% 79
\BOOKMARK [2][-]{subsection.7.5}{\376\377\000F\000l\000a\000t\000\040\000F\000a\000m\000i\000l\000i\000e\000s}{section.7}% 80
\BOOKMARK [3][-]{subsubsection.7.5.1}{\376\377\000E\000l\000e\000m\000e\000n\000t\000a\000r\000y\000\040\000E\000x\000a\000m\000p\000l\000e\000s}{subsection.7.5}% 81
\BOOKMARK [3][-]{subsubsection.7.5.2}{\376\377\000I\000n\000t\000r\000o\000d\000u\000c\000t\000i\000o\000n\000\040\000t\000o\000\040\000T\000o\000r}{subsection.7.5}% 82
\BOOKMARK [3][-]{subsubsection.7.5.3}{\376\377\000C\000r\000i\000t\000e\000r\000i\000a\000\040\000f\000o\000r\000\040\000F\000l\000a\000t\000n\000e\000s\000s}{subsection.7.5}% 83
\BOOKMARK [3][-]{subsubsection.7.5.4}{\376\377\000T\000h\000e\000\040\000L\000o\000c\000a\000l\000\040\000C\000r\000i\000t\000e\000r\000i\000o\000n\000\040\000f\000o\000r\000\040\000F\000l\000a\000t\000n\000e\000s\000s}{subsection.7.5}% 84
\BOOKMARK [3][-]{subsubsection.7.5.5}{\376\377\000T\000h\000e\000\040\000R\000e\000e\000s\000\040\000A\000l\000g\000e\000b\000r\000a}{subsection.7.5}% 85
\BOOKMARK [2][-]{subsection.7.6}{\376\377\000C\000o\000m\000p\000l\000e\000t\000i\000o\000n\000s\000\040\000a\000n\000d\000\040\000H\000e\000n\000s\000e\000l\000'\000s\000\040\000L\000e\000m\000m\000a}{section.7}% 86
\BOOKMARK [3][-]{subsubsection.7.6.1}{\376\377\000E\000x\000a\000m\000p\000l\000e\000s\000\040\000a\000n\000d\000\040\000D\000e\000f\000i\000n\000i\000t\000i\000o\000n\000s}{subsection.7.6}% 87
\BOOKMARK [3][-]{subsubsection.7.6.2}{\376\377\000T\000h\000e\000\040\000U\000t\000i\000l\000i\000t\000y\000\040\000o\000f\000\040\000C\000o\000m\000p\000l\000e\000t\000i\000o\000n\000s}{subsection.7.6}% 88
\BOOKMARK [3][-]{subsubsection.7.6.3}{\376\377\000L\000i\000f\000t\000i\000n\000g\000\040\000I\000d\000e\000m\000p\000o\000t\000e\000n\000t\000s}{subsection.7.6}% 89
\BOOKMARK [3][-]{subsubsection.7.6.4}{\376\377\000C\000o\000h\000e\000n\000\040\000S\000t\000r\000u\000c\000t\000u\000r\000e\000\040\000T\000h\000e\000o\000r\000y\000\040\000a\000n\000d\000\040\000C\000o\000e\000f\000f\000i\000c\000i\000e\000n\000t\000\040\000F\000i\000e\000l\000d\000s}{subsection.7.6}% 90
\BOOKMARK [3][-]{subsubsection.7.6.5}{\376\377\000B\000a\000s\000i\000c\000\040\000P\000r\000o\000p\000e\000r\000t\000i\000e\000s\000\040\000o\000f\000\040\000C\000o\000m\000p\000l\000e\000t\000i\000o\000n}{subsection.7.6}% 91
\BOOKMARK [3][-]{subsubsection.7.6.6}{\376\377\000M\000a\000p\000s\000\040\000f\000r\000o\000m\000\040\000P\000o\000w\000e\000r\000\040\000S\000e\000r\000i\000e\000s\000\040\000R\000i\000n\000g\000s}{subsection.7.6}% 92
\BOOKMARK [1][-]{section.8}{\376\377\000D\000i\000m\000e\000n\000s\000i\000o\000n\000\040\000T\000h\000e\000o\000r\000y}{part.2}% 93
\BOOKMARK [2][-]{subsection.8.1}{\376\377\000I\000n\000t\000r\000o\000d\000u\000c\000t\000i\000o\000n\000\040\000t\000o\000\040\000D\000i\000m\000e\000n\000s\000i\000o\000n\000\040\000T\000h\000e\000o\000r\000y}{section.8}% 94
\BOOKMARK [2][-]{subsection.8.2}{\376\377\000F\000u\000n\000d\000a\000m\000e\000n\000t\000a\000l\000\040\000D\000e\000f\000i\000n\000i\000t\000i\000o\000n\000s\000\040\000o\000f\000\040\000D\000i\000m\000e\000n\000s\000i\000o\000n\000\040\000T\000h\000e\000o\000r\000y}{section.8}% 95
\BOOKMARK [2][-]{subsection.8.3}{\376\377\000T\000h\000e\000\040\000P\000r\000i\000n\000c\000i\000p\000a\000l\000\040\000I\000d\000e\000a\000l\000\040\000T\000h\000e\000o\000r\000e\000m\000\040\000a\000n\000d\000\040\000S\000y\000s\000t\000e\000m\000s\000\040\000o\000f\000\040\000P\000a\000r\000a\000m\000e\000t\000e\000r\000s}{section.8}% 96
\BOOKMARK [2][-]{subsection.8.4}{\376\377\000D\000i\000m\000e\000n\000s\000i\000o\000n\000\040\000a\000n\000d\000\040\000C\000o\000d\000i\000m\000e\000n\000s\000i\000o\000n\000\040\000O\000n\000e}{section.8}% 97
\BOOKMARK [2][-]{subsection.8.5}{\376\377\000D\000i\000m\000e\000n\000s\000i\000o\000n\000\040\000a\000n\000d\000\040\000H\000i\000l\000b\000e\000r\000t\000-\000S\000a\000m\000u\000e\000l\000\040\000P\000o\000l\000y\000n\000o\000m\000i\000a\000l\000s}{section.8}% 98
\BOOKMARK [2][-]{subsection.8.6}{\376\377\000T\000h\000e\000\040\000D\000i\000m\000e\000n\000s\000i\000o\000n\000\040\000o\000f\000\040\000A\000f\000f\000i\000n\000e\000\040\000R\000i\000n\000g\000s}{section.8}% 99
\BOOKMARK [2][-]{subsection.8.7}{\376\377\000E\000l\000i\000m\000i\000n\000a\000t\000i\000o\000n\000\040\000T\000h\000e\000o\000r\000y\000,\000\040\000G\000e\000n\000e\000r\000i\000c\000\040\000F\000r\000e\000e\000n\000e\000s\000s\000\040\000a\000n\000d\000\040\000t\000h\000e\000\040\000D\000i\000m\000e\000n\000s\000i\000o\000n\000\040\000o\000f\000\040\000F\000i\000b\000r\000e\000s}{section.8}% 100
\BOOKMARK [2][-]{subsection.8.8}{\376\377\000G\000r\000\366\000b\000n\000e\000r\000\040\000B\000a\000s\000e\000s}{section.8}% 101
\BOOKMARK [2][-]{subsection.8.9}{\376\377\000M\000o\000d\000u\000l\000e\000s\000\040\000o\000f\000\040\000D\000i\000f\000f\000e\000r\000e\000n\000t\000i\000a\000l\000s}{section.8}% 102
\BOOKMARK [1][-]{section.9}{\376\377\000H\000o\000m\000o\000l\000o\000g\000i\000c\000a\000l\000\040\000M\000e\000t\000h\000o\000d\000s}{part.2}% 103
\BOOKMARK [2][-]{subsection.9.1}{\376\377\000R\000e\000g\000u\000l\000a\000r\000\040\000S\000e\000q\000u\000e\000n\000c\000e\000s\000\040\000a\000n\000d\000\040\000t\000h\000e\000\040\000K\000o\000s\000z\000u\000l\000\040\000C\000o\000m\000p\000l\000e\000x}{section.9}% 104
\BOOKMARK [2][-]{subsection.9.2}{\376\377\000D\000e\000p\000t\000h\000,\000\040\000C\000o\000d\000i\000m\000e\000n\000s\000i\000o\000n\000\040\000a\000n\000d\000\040\000C\000o\000h\000e\000n\000-\000M\000a\000c\000a\000u\000l\000a\000y\000\040\000R\000i\000n\000g\000s}{section.9}% 105
\BOOKMARK [2][-]{subsection.9.3}{\376\377\000H\000o\000m\000o\000l\000o\000g\000i\000c\000a\000l\000\040\000T\000h\000e\000o\000r\000y\000\040\000o\000f\000\040\000R\000e\000g\000u\000l\000a\000r\000\040\000L\000o\000c\000a\000l\000\040\000R\000i\000n\000g\000s}{section.9}% 106
\BOOKMARK [2][-]{subsection.9.4}{\376\377\000F\000r\000e\000e\000\040\000R\000e\000s\000o\000l\000u\000t\000i\000o\000n\000s\000\040\000a\000n\000d\000\040\000F\000i\000t\000t\000i\000n\000g\000\040\000I\000n\000v\000a\000r\000i\000a\000n\000t\000s}{section.9}% 107
\BOOKMARK [2][-]{subsection.9.5}{\376\377\000D\000u\000a\000l\000i\000t\000y\000,\000\040\000C\000a\000n\000o\000n\000i\000c\000a\000l\000\040\000M\000o\000d\000u\000l\000e\000s\000\040\000a\000n\000d\000\040\000G\000o\000r\000e\000n\000s\000t\000e\000i\000n\000\040\000R\000i\000n\000g\000s}{section.9}% 108
\BOOKMARK [0][-]{part.3}{\376\377\000I\000I\000I\000\040\000C\000o\000m\000m\000u\000t\000a\000t\000i\000v\000e\000\040\000R\000i\000n\000g\000\040\000T\000h\000e\000o\000r\000y\000,\000\040\000M\000a\000t\000s\000u\000m\000u\000r\000a}{}% 109
\BOOKMARK [1][-]{section.10}{\376\377\000C\000o\000m\000m\000u\000t\000a\000t\000i\000v\000e\000\040\000R\000i\000n\000g\000s\000\040\000a\000n\000d\000\040\000M\000o\000d\000u\000l\000e\000s}{part.3}% 110
\BOOKMARK [2][-]{subsection.10.1}{\376\377\000I\000d\000e\000a\000l\000s}{section.10}% 111
\BOOKMARK [2][-]{subsection.10.2}{\376\377\000M\000o\000d\000u\000l\000e\000s}{section.10}% 112
\BOOKMARK [2][-]{subsection.10.3}{\376\377\000C\000h\000a\000i\000n\000\040\000C\000o\000n\000d\000i\000t\000i\000o\000n\000s}{section.10}% 113
\BOOKMARK [1][-]{section.11}{\376\377\000P\000r\000i\000m\000e\000\040\000I\000d\000e\000a\000l\000s}{part.3}% 114
\BOOKMARK [2][-]{subsection.11.1}{\376\377\000L\000o\000c\000a\000l\000i\000s\000a\000t\000i\000o\000n\000\040\000a\000n\000d\000\040\000S\000p\000e\000c\000\040\000o\000f\000\040\000a\000\040\000R\000i\000n\000g}{section.11}% 115
\BOOKMARK [2][-]{subsection.11.2}{\376\377\000T\000h\000e\000\040\000H\000i\000l\000b\000e\000r\000t\000\040\000N\000u\000l\000l\000s\000t\000e\000l\000l\000e\000n\000s\000a\000t\000z\000\040\000a\000n\000d\000\040\000F\000i\000r\000s\000t\000\040\000S\000t\000e\000p\000s\000\040\000i\000n\000\040\000D\000i\000m\000e\000n\000s\000i\000o\000n\000\040\000T\000h\000e\000o\000r\000y}{section.11}% 116
\BOOKMARK [2][-]{subsection.11.3}{\376\377\000A\000s\000s\000o\000c\000i\000a\000t\000e\000d\000\040\000P\000r\000i\000m\000e\000s\000\040\000a\000n\000d\000\040\000P\000r\000i\000m\000a\000r\000y\000\040\000D\000e\000c\000o\000m\000p\000o\000s\000i\000t\000i\000o\000n}{section.11}% 117
\BOOKMARK [1][-]{section.12}{\376\377\000P\000r\000o\000p\000e\000r\000t\000i\000e\000s\000\040\000o\000f\000\040\000E\000x\000t\000e\000n\000s\000i\000o\000n\000\040\000R\000i\000n\000g\000s}{part.3}% 118
\BOOKMARK [2][-]{subsection.12.1}{\376\377\000F\000l\000a\000t\000n\000e\000s\000s}{section.12}% 119
\BOOKMARK [2][-]{subsection.12.2}{\376\377\000C\000o\000m\000p\000l\000e\000t\000i\000o\000n\000\040\000a\000n\000d\000\040\000t\000h\000e\000\040\000A\000r\000t\000i\000n\000-\000R\000e\000e\000s\000\040\000L\000e\000m\000m\000a}{section.12}% 120
\BOOKMARK [2][-]{subsection.12.3}{\376\377\000I\000n\000t\000e\000g\000r\000a\000l\000\040\000E\000x\000t\000e\000n\000s\000i\000o\000n\000s}{section.12}% 121
\BOOKMARK [1][-]{section.13}{\376\377\000V\000a\000l\000u\000a\000t\000i\000o\000n\000\040\000R\000i\000n\000g\000s}{part.3}% 122
\BOOKMARK [2][-]{subsection.13.1}{\376\377\000G\000e\000n\000e\000r\000a\000l\000\040\000V\000a\000l\000u\000a\000t\000i\000o\000n\000s}{section.13}% 123
\BOOKMARK [2][-]{subsection.13.2}{\376\377\000D\000V\000R\000s\000\040\000a\000m\000d\000\040\000D\000e\000d\000e\000k\000i\000n\000d\000\040\000R\000i\000n\000g\000s}{section.13}% 124
\BOOKMARK [2][-]{subsection.13.3}{\376\377\000K\000r\000u\000l\000l\000\040\000R\000i\000n\000g\000s}{section.13}% 125
\BOOKMARK [1][-]{section.14}{\376\377\000D\000i\000m\000e\000n\000s\000i\000o\000n\000\040\000T\000h\000e\000o\000r\000y}{part.3}% 126
\BOOKMARK [2][-]{subsection.14.1}{\376\377\000G\000r\000a\000d\000e\000d\000\040\000R\000i\000n\000g\000s\000,\000\040\000t\000h\000e\000\040\000H\000i\000l\000b\000e\000r\000t\000\040\000F\000u\000n\000c\000t\000i\000o\000n\000\040\000a\000n\000d\000\040\000t\000h\000e\000\040\000S\000a\000m\000u\000e\000l\000\040\000F\000u\000n\000c\000t\000i\000o\000n}{section.14}% 127
\BOOKMARK [2][-]{subsection.14.2}{\376\377\000S\000y\000s\000t\000e\000m\000s\000\040\000o\000f\000\040\000P\000a\000r\000a\000m\000e\000t\000e\000r\000s\000\040\000a\000n\000d\000\040\000M\000u\000l\000t\000i\000p\000l\000i\000c\000i\000t\000y}{section.14}% 128
\BOOKMARK [2][-]{subsection.14.3}{\376\377\000T\000h\000e\000\040\000D\000i\000m\000e\000n\000s\000i\000o\000n\000\040\000o\000f\000\040\000E\000x\000t\000e\000n\000s\000i\000o\000n\000\040\000R\000i\000n\000g\000s}{section.14}% 129
\BOOKMARK [1][-]{section.15}{\376\377\000R\000e\000g\000u\000l\000a\000r\000\040\000S\000e\000q\000u\000e\000n\000c\000e\000s}{part.3}% 130
\BOOKMARK [2][-]{subsection.15.1}{\376\377\000R\000e\000g\000u\000l\000a\000r\000\040\000S\000e\000q\000u\000e\000n\000c\000e\000s\000\040\000a\000n\000d\000\040\000t\000h\000e\000\040\000K\000o\000s\000z\000u\000l\000\040\000C\000o\000m\000p\000l\000e\000x}{section.15}% 131
\BOOKMARK [2][-]{subsection.15.2}{\376\377\000C\000o\000h\000e\000n\000-\000M\000a\000c\000u\000a\000l\000a\000y\000\040\000R\000i\000n\000g\000s}{section.15}% 132
\BOOKMARK [2][-]{subsection.15.3}{\376\377\000G\000o\000r\000e\000n\000s\000t\000e\000i\000n\000\040\000R\000i\000n\000g\000s}{section.15}% 133
\BOOKMARK [1][-]{section.16}{\376\377\000R\000e\000g\000u\000l\000a\000r\000\040\000R\000i\000n\000g\000s}{part.3}% 134
\BOOKMARK [2][-]{subsection.16.1}{\376\377\000R\000e\000g\000u\000l\000a\000r\000\040\000R\000i\000n\000g\000s}{section.16}% 135
\BOOKMARK [2][-]{subsection.16.2}{\376\377\000U\000F\000D\000s}{section.16}% 136
\BOOKMARK [2][-]{subsection.16.3}{\376\377\000C\000o\000m\000p\000l\000e\000t\000e\000\040\000I\000n\000t\000e\000r\000s\000e\000c\000t\000i\000o\000n\000\040\000R\000i\000n\000g\000s}{section.16}% 137
\BOOKMARK [1][-]{section.17}{\376\377\000F\000l\000a\000t\000n\000e\000s\000s\000\040\000R\000e\000v\000i\000s\000i\000t\000e\000d}{part.3}% 138
\BOOKMARK [2][-]{subsection.17.1}{\376\377\000T\000h\000e\000\040\000L\000o\000c\000a\000l\000\040\000F\000l\000a\000t\000n\000e\000s\000s\000\040\000C\000r\000i\000t\000e\000r\000i\000o\000n}{section.17}% 139
\BOOKMARK [2][-]{subsection.17.2}{\376\377\000F\000l\000a\000t\000n\000e\000s\000s\000\040\000a\000n\000d\000\040\000F\000i\000b\000r\000e\000s}{section.17}% 140
\BOOKMARK [2][-]{subsection.17.3}{\376\377\000G\000e\000n\000e\000r\000i\000c\000\040\000F\000r\000e\000e\000n\000e\000s\000s\000\040\000a\000n\000d\000\040\000O\000p\000e\000n\000\040\000L\000o\000c\000i\000\040\000R\000e\000s\000u\000l\000t\000s}{section.17}% 141
\BOOKMARK [1][-]{section.18}{\376\377\000D\000e\000r\000i\000v\000a\000t\000i\000o\000n\000s}{part.3}% 142
\BOOKMARK [2][-]{subsection.18.1}{\376\377\000D\000e\000r\000i\000v\000a\000t\000i\000o\000n\000s\000\040\000a\000n\000d\000\040\000D\000i\000f\000f\000e\000r\000e\000n\000t\000i\000a\000l\000s}{section.18}% 143
\BOOKMARK [2][-]{subsection.18.2}{\376\377\000S\000e\000p\000a\000r\000a\000b\000i\000l\000i\000t\000y}{section.18}% 144
\BOOKMARK [2][-]{subsection.18.3}{\376\377\000H\000i\000g\000h\000e\000r\000\040\000D\000e\000r\000i\000v\000a\000t\000i\000o\000n\000s}{section.18}% 145
\BOOKMARK [1][-]{section.19}{\376\377\000I\000-\000S\000m\000o\000o\000t\000h\000n\000e\000s\000s}{part.3}% 146
\BOOKMARK [2][-]{subsection.19.1}{\376\377\000I\000-\000S\000m\000o\000o\000t\000h\000n\000e\000s\000s}{section.19}% 147
\BOOKMARK [2][-]{subsection.19.2}{\376\377\000T\000h\000e\000\040\000S\000t\000r\000u\000c\000t\000u\000r\000e\000\040\000T\000h\000e\000o\000r\000e\000m\000s\000\040\000f\000o\000r\000\040\000C\000o\000m\000p\000l\000e\000t\000e\000\040\000L\000o\000c\000a\000l\000\040\000R\000i\000n\000g\000s}{section.19}% 148
\BOOKMARK [2][-]{subsection.19.3}{\376\377\000C\000o\000n\000n\000e\000c\000t\000i\000o\000n\000s\000\040\000w\000i\000t\000h\000\040\000D\000e\000r\000i\000v\000a\000t\000i\000o\000n\000s}{section.19}% 149
\BOOKMARK [1][-]{section.20}{\376\377\000A\000p\000p\000l\000i\000c\000a\000t\000i\000o\000n\000s\000\040\000o\000f\000\040\000C\000o\000m\000p\000l\000e\000t\000e\000\040\000L\000o\000c\000a\000l\000\040\000R\000i\000n\000g\000s}{part.3}% 150
\BOOKMARK [2][-]{subsection.20.1}{\376\377\000C\000h\000a\000i\000n\000s\000\040\000o\000f\000\040\000P\000r\000i\000m\000e\000\040\000I\000d\000e\000a\000l\000s}{section.20}% 151
\BOOKMARK [2][-]{subsection.20.2}{\376\377\000T\000h\000e\000\040\000F\000o\000r\000m\000a\000l\000\040\000F\000i\000b\000r\000e}{section.20}% 152
\BOOKMARK [2][-]{subsection.20.3}{\376\377\000O\000t\000h\000e\000r\000\040\000A\000p\000p\000l\000i\000c\000a\000t\000i\000o\000n\000s}{section.20}% 153
\BOOKMARK [0][-]{part.4}{\376\377\000I\000V\000\040\000A\000l\000g\000e\000b\000r\000a\000i\000c\000\040\000G\000e\000o\000m\000e\000t\000r\000y\000\040\000I\000:\000\040\000S\000c\000h\000e\000m\000e\000s\000,\000\040\000G\000o\000r\000t\000z\000-\000W\000e\000d\000h\000o\000r\000n}{}% 154
\BOOKMARK [0][-]{part.5}{\376\377\000V\000\040\000A\000l\000g\000e\000b\000r\000a\000i\000c\000\040\000G\000e\000o\000m\000e\000t\000r\000y\000\040\000I\000I\000:\000\040\000C\000o\000h\000o\000m\000o\000l\000o\000g\000y\000\040\000o\000f\000\040\000S\000c\000h\000e\000m\000e\000s\000,\000\040\000G\000o\000r\000t\000z\000-\000W\000e\000d\000h\000o\000r\000n}{}% 155
\BOOKMARK [0][-]{part.6}{\376\377\000V\000I\000\040\000S\000h\000e\000a\000f\000\040\000T\000h\000e\000o\000r\000y\000,\000\040\000B\000r\000e\000d\000o\000n}{}% 156
\BOOKMARK [1][-]{section.21}{\376\377\000S\000h\000e\000a\000v\000e\000s\000\040\000a\000n\000d\000\040\000P\000r\000e\000s\000h\000e\000a\000v\000e\000s}{part.6}% 157
\BOOKMARK [2][-]{subsection.21.1}{\376\377\000D\000e\000f\000i\000n\000i\000t\000i\000o\000n\000s}{section.21}% 158
\BOOKMARK [2][-]{subsection.21.2}{\376\377\000H\000o\000m\000o\000m\000o\000r\000p\000h\000i\000s\000m\000s\000,\000\040\000S\000u\000b\000s\000h\000e\000a\000v\000e\000s\000\040\000a\000n\000d\000\040\000Q\000u\000o\000t\000i\000e\000n\000t\000\040\000S\000h\000e\000a\000v\000e\000s}{section.21}% 159
\BOOKMARK [2][-]{subsection.21.3}{\376\377\000D\000i\000r\000e\000c\000t\000\040\000a\000n\000d\000\040\000I\000n\000v\000e\000r\000s\000e\000\040\000I\000m\000a\000g\000e\000s}{section.21}% 160
\BOOKMARK [2][-]{subsection.21.4}{\376\377\000C\000o\000h\000o\000m\000o\000m\000o\000r\000p\000h\000i\000s\000m\000s}{section.21}% 161
\BOOKMARK [2][-]{subsection.21.5}{\376\377\000A\000l\000g\000e\000b\000r\000a\000i\000c\000\040\000C\000o\000n\000s\000t\000r\000u\000c\000t\000i\000o\000n\000s}{section.21}% 162
\BOOKMARK [2][-]{subsection.21.6}{\376\377\000S\000u\000p\000p\000o\000r\000t\000s}{section.21}% 163
\BOOKMARK [2][-]{subsection.21.7}{\376\377\000C\000l\000a\000s\000s\000i\000c\000a\000l\000\040\000C\000o\000h\000o\000m\000o\000l\000o\000g\000y\000\040\000T\000h\000e\000o\000r\000i\000e\000s}{section.21}% 164
\BOOKMARK [1][-]{section.22}{\376\377\000S\000h\000e\000a\000f\000\040\000C\000o\000h\000m\000o\000l\000o\000g\000y}{part.6}% 165
\BOOKMARK [2][-]{subsection.22.1}{\376\377\000D\000i\000f\000f\000e\000r\000e\000n\000t\000i\000a\000l\000\040\000S\000h\000e\000a\000v\000e\000s\000\040\000a\000n\000d\000\040\000R\000e\000s\000o\000l\000u\000t\000i\000o\000n\000s}{section.22}% 166
\BOOKMARK [2][-]{subsection.22.2}{\376\377\000T\000h\000e\000\040\000C\000a\000n\000o\000n\000i\000c\000a\000l\000\040\000R\000e\000s\000o\000l\000u\000t\000i\000o\000n\000\040\000a\000n\000d\000\040\000S\000h\000e\000a\000f\000\040\000C\000o\000h\000o\000m\000o\000l\000o\000g\000y}{section.22}% 167
\BOOKMARK [2][-]{subsection.22.3}{\376\377\000I\000n\000j\000e\000c\000t\000i\000v\000e\000\040\000S\000h\000e\000a\000v\000e\000s}{section.22}% 168
\BOOKMARK [2][-]{subsection.22.4}{\376\377\000A\000c\000y\000c\000l\000i\000c\000\040\000S\000h\000e\000a\000v\000e\000s}{section.22}% 169
\BOOKMARK [2][-]{subsection.22.5}{\376\377\000F\000l\000a\000b\000b\000y\000\040\000S\000h\000e\000a\000v\000e\000s}{section.22}% 170
\BOOKMARK [2][-]{subsection.22.6}{\376\377\000C\000o\000n\000n\000e\000c\000t\000e\000d\000\040\000S\000e\000q\000u\000e\000n\000c\000e\000s\000\040\000o\000f\000\040\000F\000u\000n\000c\000t\000o\000r\000s}{section.22}% 171
\BOOKMARK [2][-]{subsection.22.7}{\376\377\000A\000x\000i\000o\000m\000s\000\040\000f\000o\000r\000\040\000C\000o\000h\000m\000o\000m\000o\000l\000o\000g\000y\000\040\000a\000n\000d\000\040\000t\000h\000e\000\040\000C\000u\000p\000\040\000P\000r\000o\000d\000u\000c\000t}{section.22}% 172
\BOOKMARK [2][-]{subsection.22.8}{\376\377\000M\000a\000p\000s\000\040\000o\000f\000\040\000S\000p\000a\000c\000e\000s}{section.22}% 173
\BOOKMARK [2][-]{subsection.22.9}{\376\377\000-\000S\000o\000f\000t\000\040\000a\000n\000d\000\040\000-\000F\000i\000n\000e\000\040\000S\000h\000e\000a\000v\000e\000s}{section.22}% 174
\BOOKMARK [2][-]{subsection.22.10}{\376\377\000S\000u\000b\000s\000p\000a\000c\000e\000s}{section.22}% 175
\BOOKMARK [2][-]{subsection.22.11}{\376\377\000T\000h\000e\000\040\000V\000i\000e\000t\000o\000r\000i\000s\000\040\000M\000a\000p\000i\000n\000g\000\040\000T\000h\000e\000o\000r\000e\000m\000\040\000a\000n\000d\000\040\000H\000o\000m\000o\000t\000o\000p\000y\000\040\000I\000n\000v\000a\000r\000i\000a\000n\000c\000e}{section.22}% 176
\BOOKMARK [2][-]{subsection.22.12}{\376\377\000R\000e\000l\000a\000t\000i\000v\000e\000\040\000C\000o\000h\000o\000m\000o\000l\000o\000g\000y}{section.22}% 177
\BOOKMARK [2][-]{subsection.22.13}{\376\377\000M\000a\000y\000e\000r\000-\000V\000i\000e\000t\000o\000r\000i\000s\000\040\000T\000h\000e\000o\000r\000e\000m\000s}{section.22}% 178
\BOOKMARK [2][-]{subsection.22.14}{\376\377\000C\000o\000n\000t\000i\000n\000u\000i\000t\000y}{section.22}% 179
\BOOKMARK [2][-]{subsection.22.15}{\376\377\000T\000h\000e\000\040\000K\000\374\000n\000n\000e\000t\000h\000\040\000a\000n\000d\000\040\000U\000n\000i\000v\000e\000r\000s\000a\000l\000\040\000C\000o\000e\000f\000f\000i\000c\000i\000e\000n\000t\000\040\000T\000h\000e\000o\000r\000e\000m\000s}{section.22}% 180
\BOOKMARK [2][-]{subsection.22.16}{\376\377\000D\000i\000m\000e\000n\000s\000i\000o\000n}{section.22}% 181
\BOOKMARK [2][-]{subsection.22.17}{\376\377\000L\000o\000c\000a\000l\000\040\000C\000o\000n\000n\000e\000c\000t\000i\000v\000i\000t\000y}{section.22}% 182
\BOOKMARK [2][-]{subsection.22.18}{\376\377\000C\000h\000a\000n\000g\000e\000\040\000p\000f\000\040\000S\000u\000p\000p\000o\000r\000t\000s\000\040\000a\000n\000d\000\040\000L\000o\000c\000a\000l\000\040\000C\000o\000h\000o\000m\000o\000l\000o\000g\000y\000\040\000G\000r\000o\000u\000p\000s}{section.22}% 183
\BOOKMARK [2][-]{subsection.22.19}{\376\377\000T\000h\000e\000\040\000T\000r\000a\000n\000s\000f\000e\000r\000\040\000H\000o\000m\000o\000m\000o\000r\000p\000h\000i\000s\000m\000\040\000a\000n\000d\000\040\000t\000h\000e\000\040\000S\000m\000i\000t\000h\000\040\000S\000e\000q\000u\000e\000n\000c\000e\000s}{section.22}% 184
\BOOKMARK [2][-]{subsection.22.20}{\376\377\000S\000t\000e\000e\000n\000r\000o\000d\000'\000s\000\040\000C\000y\000c\000l\000i\000c\000\040\000R\000e\000d\000u\000c\000e\000d\000\040\000P\000o\000w\000e\000r\000s}{section.22}% 185
\BOOKMARK [2][-]{subsection.22.21}{\376\377\000T\000h\000e\000\040\000S\000t\000e\000e\000n\000r\000o\000d\000\040\000O\000p\000e\000r\000a\000t\000i\000o\000n\000s}{section.22}% 186
\BOOKMARK [1][-]{section.23}{\376\377\000C\000o\000m\000p\000a\000r\000i\000s\000o\000n\000\040\000w\000i\000t\000h\000\040\000O\000t\000h\000e\000r\000\040\000C\000o\000h\000o\000m\000o\000l\000o\000g\000y\000\040\000T\000h\000e\000o\000r\000i\000e\000s}{part.6}% 187
\BOOKMARK [2][-]{subsection.23.1}{\376\377\000S\000i\000n\000g\000u\000l\000a\000r\000\040\000C\000o\000h\000o\000m\000o\000l\000o\000g\000y}{section.23}% 188
\BOOKMARK [2][-]{subsection.23.2}{\376\377\000A\000l\000e\000x\000a\000n\000d\000e\000r\000-\000S\000p\000a\000n\000i\000e\000r\000\040\000C\000o\000h\000o\000m\000o\000l\000o\000g\000y}{section.23}% 189
\BOOKMARK [2][-]{subsection.23.3}{\376\377\000d\000e\000\040\000R\000h\000a\000m\000\040\000C\000o\000h\000m\000o\000m\000o\000l\000o\000g\000y}{section.23}% 190
\BOOKMARK [2][-]{subsection.23.4}{\376\377\000C\000e\000c\000h\000\040\000C\000o\000h\000o\000m\000o\000l\000o\000g\000y}{section.23}% 191
\BOOKMARK [1][-]{section.24}{\376\377\000A\000p\000p\000l\000i\000c\000a\000t\000i\000o\000n\000s\000\040\000o\000f\000\040\000S\000p\000e\000c\000t\000r\000a\000l\000\040\000S\000e\000q\000u\000e\000n\000c\000e\000s}{part.6}% 192
\BOOKMARK [2][-]{subsection.24.1}{\376\377\000T\000h\000e\000\040\000S\000p\000e\000c\000t\000r\000a\000l\000\040\000S\000e\000q\000u\000e\000n\000c\000e\000\040\000o\000f\000\040\000a\000\040\000D\000i\000f\000f\000e\000r\000e\000n\000t\000i\000a\000l\000\040\000S\000h\000e\000a\000f}{section.24}% 193
\BOOKMARK [2][-]{subsection.24.2}{\376\377\000T\000h\000e\000\040\000F\000u\000n\000d\000a\000m\000e\000n\000t\000a\000l\000\040\000T\000h\000e\000o\000r\000e\000m\000s\000\040\000o\000f\000\040\000S\000h\000e\000a\000v\000e\000s}{section.24}% 194
\BOOKMARK [2][-]{subsection.24.3}{\376\377\000D\000i\000r\000e\000c\000t\000\040\000I\000m\000a\000g\000e\000\040\000R\000e\000l\000a\000t\000i\000v\000e\000\040\000t\000o\000\040\000a\000\040\000S\000u\000p\000p\000o\000r\000t\000\040\000F\000a\000m\000i\000l\000y}{section.24}% 195
\BOOKMARK [2][-]{subsection.24.4}{\376\377\000T\000h\000e\000\040\000L\000e\000r\000a\000y\000\040\000S\000h\000e\000a\000f}{section.24}% 196
\BOOKMARK [2][-]{subsection.24.5}{\376\377\000E\000x\000t\000e\000n\000s\000i\000o\000n\000\040\000o\000f\000\040\000a\000\040\000S\000u\000p\000p\000o\000r\000t\000\040\000F\000a\000m\000i\000l\000y\000\040\000b\000y\000\040\000a\000\040\000F\000a\000m\000i\000l\000y\000\040\000o\000n\000\040\000t\000h\000e\000\040\000B\000a\000s\000e\000\040\000S\000p\000a\000c\000e}{section.24}% 197
\BOOKMARK [2][-]{subsection.24.6}{\376\377\000T\000h\000e\000\040\000L\000e\000r\000a\000y\000\040\000S\000p\000e\000c\000t\000r\000a\000l\000\040\000S\000e\000q\000u\000e\000n\000c\000e\000\040\000o\000f\000\040\000a\000\040\000M\000a\000p}{section.24}% 198
\BOOKMARK [2][-]{subsection.24.7}{\376\377\000F\000i\000b\000e\000r\000\040\000B\000u\000n\000d\000l\000e\000s}{section.24}% 199
\BOOKMARK [2][-]{subsection.24.8}{\376\377\000D\000i\000m\000e\000n\000s\000i\000o\000n}{section.24}% 200
\BOOKMARK [2][-]{subsection.24.9}{\376\377\000T\000h\000e\000\040\000S\000p\000e\000c\000t\000r\000a\000l\000\040\000S\000e\000q\000u\000e\000n\000c\000e\000s\000\040\000o\000f\000\040\000B\000o\000r\000e\000l\000\040\000a\000n\000d\000\040\000C\000a\000r\000t\000a\000n}{section.24}% 201
\BOOKMARK [2][-]{subsection.24.10}{\376\377\000C\000h\000a\000r\000a\000c\000t\000e\000r\000i\000s\000t\000i\000c\000\040\000C\000l\000a\000s\000s\000e\000s}{section.24}% 202
\BOOKMARK [2][-]{subsection.24.11}{\376\377\000T\000h\000e\000\040\000S\000p\000e\000c\000t\000r\000a\000l\000\040\000S\000e\000q\000u\000e\000n\000c\000e\000\040\000o\000f\000\040\000a\000\040\000F\000i\000l\000t\000e\000r\000e\000d\000\040\000D\000i\000f\000f\000e\000r\000e\000n\000t\000i\000a\000l\000\040\000S\000h\000e\000a\000f}{section.24}% 203
\BOOKMARK [2][-]{subsection.24.12}{\376\377\000T\000h\000e\000\040\000F\000a\000r\000y\000\040\000S\000p\000e\000c\000t\000r\000a\000l\000\040\000S\000e\000q\000u\000e\000n\000c\000e}{section.24}% 204
\BOOKMARK [2][-]{subsection.24.13}{\376\377\000S\000p\000h\000e\000r\000e\000\040\000B\000u\000n\000d\000l\000e\000s\000\040\000w\000i\000t\000h\000\040\000S\000i\000n\000g\000u\000l\000a\000r\000i\000t\000i\000e\000s}{section.24}% 205
\BOOKMARK [2][-]{subsection.24.14}{\376\377\000T\000h\000e\000\040\000O\000l\000i\000v\000e\000r\000\040\000T\000r\000a\000n\000s\000f\000e\000r\000\040\000a\000n\000d\000\040\000t\000h\000e\000\040\000C\000o\000n\000n\000e\000r\000\040\000C\000o\000n\000j\000e\000c\000t\000u\000r\000e}{section.24}% 206
\BOOKMARK [1][-]{section.25}{\376\377\000B\000o\000r\000e\000l\000-\000M\000o\000o\000r\000e\000\040\000H\000o\000m\000o\000l\000o\000g\000y}{part.6}% 207
\BOOKMARK [2][-]{subsection.25.1}{\376\377\000C\000o\000s\000h\000e\000a\000v\000e\000s}{section.25}% 208
\BOOKMARK [2][-]{subsection.25.2}{\376\377\000T\000h\000e\000\040\000D\000u\000a\000l\000\040\000o\000f\000\040\000a\000\040\000D\000i\000f\000f\000e\000r\000e\000n\000t\000i\000a\000l\000\040\000C\000o\000s\000h\000e\000a\000f}{section.25}% 209
\BOOKMARK [2][-]{subsection.25.3}{\376\377\000H\000o\000m\000o\000l\000o\000g\000y\000\040\000T\000h\000e\000o\000r\000y}{section.25}% 210
\BOOKMARK [2][-]{subsection.25.4}{\376\377\000M\000a\000p\000s\000\040\000o\000f\000\040\000S\000p\000a\000c\000e\000s}{section.25}% 211
\BOOKMARK [2][-]{subsection.25.5}{\376\377\000S\000u\000b\000s\000p\000a\000c\000e\000s\000\040\000a\000n\000d\000\040\000R\000e\000l\000a\000t\000i\000v\000e\000\040\000H\000o\000m\000o\000l\000o\000g\000y}{section.25}% 212
\BOOKMARK [2][-]{subsection.25.6}{\376\377\000T\000h\000e\000\040\000V\000i\000e\000r\000t\000o\000r\000i\000s\000\040\000T\000h\000e\000o\000r\000e\000m\000,\000\040\000H\000o\000m\000o\000t\000o\000p\000y\000\040\000a\000n\000d\000\040\000C\000o\000v\000e\000r\000i\000n\000g\000\040\000S\000p\000a\000c\000e\000s}{section.25}% 213
\BOOKMARK [2][-]{subsection.25.7}{\376\377\000T\000h\000e\000\040\000H\000o\000m\000o\000l\000o\000g\000y\000\040\000S\000h\000e\000a\000f\000\040\000o\000f\000\040\000a\000\040\000M\000a\000p}{section.25}% 214
\BOOKMARK [2][-]{subsection.25.8}{\376\377\000T\000h\000e\000\040\000B\000a\000s\000i\000c\000\040\000S\000p\000e\000c\000t\000r\000a\000l\000\040\000S\000e\000q\000u\000e\000n\000c\000e}{section.25}% 215
\BOOKMARK [2][-]{subsection.25.9}{\376\377\000P\000o\000i\000n\000c\000a\000r\000\351\000\040\000D\000u\000a\000l\000i\000t\000y}{section.25}% 216
\BOOKMARK [2][-]{subsection.25.10}{\376\377\000T\000h\000e\000\040\000C\000a\000p\000\040\000P\000r\000o\000d\000u\000c\000t}{section.25}% 217
\BOOKMARK [2][-]{subsection.25.11}{\376\377\000I\000n\000t\000e\000r\000s\000e\000c\000t\000i\000o\000n\000\040\000T\000h\000e\000o\000r\000y}{section.25}% 218
\BOOKMARK [2][-]{subsection.25.12}{\376\377\000U\000n\000i\000q\000u\000e\000n\000e\000s\000s\000\040\000T\000h\000e\000o\000r\000e\000m\000s}{section.25}% 219
\BOOKMARK [2][-]{subsection.25.13}{\376\377\000U\000n\000i\000q\000u\000e\000n\000e\000s\000s\000\040\000T\000h\000e\000o\000r\000e\000m\000s\000\040\000f\000o\000r\000\040\000M\000a\000p\000s\000\040\000a\000n\000d\000\040\000R\000e\000l\000a\000t\000i\000v\000e\000\040\000H\000o\000m\000o\000l\000o\000g\000y}{section.25}% 220
\BOOKMARK [2][-]{subsection.25.14}{\376\377\000T\000h\000e\000\040\000K\000\374\000n\000n\000e\000t\000h\000\040\000F\000o\000r\000m\000u\000l\000a}{section.25}% 221
\BOOKMARK [2][-]{subsection.25.15}{\376\377\000C\000h\000a\000n\000g\000e\000\040\000o\000f\000\040\000R\000i\000n\000g\000s}{section.25}% 222
\BOOKMARK [2][-]{subsection.25.16}{\376\377\000G\000e\000n\000e\000r\000a\000l\000i\000s\000e\000d\000\040\000M\000a\000n\000i\000f\000o\000l\000d\000s}{section.25}% 223
\BOOKMARK [2][-]{subsection.25.17}{\376\377\000L\000o\000c\000a\000l\000l\000y\000\040\000H\000o\000m\000o\000g\000e\000n\000o\000u\000s\000\040\000S\000p\000a\000c\000e\000s}{section.25}% 224
\BOOKMARK [2][-]{subsection.25.18}{\376\377\000H\000o\000m\000o\000l\000o\000g\000i\000c\000a\000l\000\040\000F\000i\000b\000r\000a\000t\000i\000o\000n\000s\000\040\000a\000n\000d\000\040\000p\000-\000a\000d\000i\000c\000\040\000T\000r\000a\000n\000s\000f\000o\000r\000m\000a\000t\000i\000o\000n\000\040\000G\000r\000o\000u\000p\000s}{section.25}% 225
\BOOKMARK [2][-]{subsection.25.19}{\376\377\000T\000h\000e\000\040\000T\000r\000a\000n\000s\000f\000e\000r\000\040\000H\000o\000m\000o\000m\000o\000r\000p\000h\000i\000s\000m\000\040\000o\000n\000\040\000H\000o\000m\000o\000l\000o\000g\000y}{section.25}% 226
\BOOKMARK [2][-]{subsection.25.20}{\376\377\000S\000m\000i\000t\000h\000\040\000T\000h\000e\000o\000r\000y\000\040\000i\000n\000\040\000H\000o\000m\000o\000l\000o\000g\000y}{section.25}% 227
\BOOKMARK [1][-]{section.26}{\376\377\000C\000o\000s\000h\000e\000a\000v\000e\000s\000\040\000a\000n\000d\000\040\000C\000e\000c\000h\000\040\000H\000o\000m\000o\000l\000o\000g\000y}{part.6}% 228
\BOOKMARK [2][-]{subsection.26.1}{\376\377\000T\000h\000e\000o\000r\000y\000\040\000o\000f\000\040\000C\000o\000s\000h\000e\000a\000v\000e\000s}{section.26}% 229
\BOOKMARK [2][-]{subsection.26.2}{\376\377\000L\000o\000c\000a\000l\000\040\000T\000r\000i\000v\000i\000a\000l\000i\000t\000y}{section.26}% 230
\BOOKMARK [2][-]{subsection.26.3}{\376\377\000L\000o\000c\000a\000l\000\040\000I\000s\000o\000m\000o\000r\000p\000h\000i\000s\000m\000s}{section.26}% 231
\BOOKMARK [2][-]{subsection.26.4}{\376\377\000C\000h\000e\000c\000h\000\040\000H\000o\000m\000o\000l\000o\000g\000y}{section.26}% 232
\BOOKMARK [2][-]{subsection.26.5}{\376\377\000T\000h\000e\000\040\000R\000e\000f\000l\000e\000c\000t\000o\000r}{section.26}% 233
\BOOKMARK [2][-]{subsection.26.6}{\376\377\000S\000p\000e\000c\000t\000r\000a\000l\000\040\000S\000e\000q\000u\000e\000n\000c\000e\000s}{section.26}% 234
\BOOKMARK [2][-]{subsection.26.7}{\376\377\000C\000o\000r\000e\000s\000o\000l\000u\000t\000i\000o\000n\000s}{section.26}% 235
\BOOKMARK [2][-]{subsection.26.8}{\376\377\000R\000e\000l\000a\000t\000i\000v\000e\000\040\000C\000e\000c\000h\000\040\000H\000o\000m\000o\000l\000o\000g\000y}{section.26}% 236
\BOOKMARK [2][-]{subsection.26.9}{\376\377\000L\000o\000c\000a\000l\000l\000y\000\040\000P\000a\000r\000a\000c\000o\000m\000p\000a\000c\000t\000\040\000S\000p\000a\000c\000e\000s}{section.26}% 237
\BOOKMARK [2][-]{subsection.26.10}{\376\377\000B\000o\000r\000e\000l\000-\000M\000o\000o\000r\000e\000\040\000H\000o\000m\000o\000l\000o\000g\000y}{section.26}% 238
\BOOKMARK [2][-]{subsection.26.11}{\376\377\000M\000o\000d\000i\000f\000i\000e\000d\000\040\000B\000a\000r\000e\000l\000-\000M\000o\000o\000r\000e\000\040\000H\000o\000m\000o\000l\000o\000g\000y}{section.26}% 239
\BOOKMARK [2][-]{subsection.26.12}{\376\377\000S\000i\000n\000g\000u\000l\000a\000r\000\040\000H\000o\000m\000o\000l\000o\000g\000y}{section.26}% 240
\BOOKMARK [2][-]{subsection.26.13}{\376\377\000A\000c\000y\000c\000l\000i\000c\000\040\000C\000o\000v\000e\000r\000i\000n\000g\000s}{section.26}% 241
\BOOKMARK [2][-]{subsection.26.14}{\376\377\000A\000p\000p\000l\000i\000c\000a\000t\000i\000o\000n\000s\000\040\000t\000o\000\040\000M\000a\000p\000s}{section.26}% 242
\BOOKMARK [0][-]{part.7}{\376\377\000V\000I\000I\000\040\000I\000n\000t\000r\000o\000d\000u\000c\000t\000i\000o\000n\000\040\000t\000o\000\040\000A\000l\000g\000e\000b\000r\000a\000i\000c\000\040\000K\000-\000T\000h\000e\000o\000r\000y}{}% 243
\BOOKMARK [1][-]{section.27}{\376\377\000P\000r\000o\000j\000e\000c\000t\000i\000v\000e\000\040\000M\000o\000d\000u\000l\000e\000s\000\040\000a\000n\000d\000\040\000K\0000}{part.7}% 244
\BOOKMARK [1][-]{section.28}{\376\377\000C\000o\000n\000s\000t\000r\000u\000c\000t\000i\000n\000g\000\040\000P\000r\000o\000j\000e\000c\000t\000i\000v\000e\000\040\000M\000o\000d\000u\000l\000e\000s}{part.7}% 245
\BOOKMARK [1][-]{section.29}{\376\377\000T\000h\000e\000\040\000W\000h\000i\000t\000e\000h\000e\000a\000d\000\040\000G\000r\000o\000u\000p\000\040\000K\0001}{part.7}% 246
\BOOKMARK [1][-]{section.30}{\376\377\000T\000h\000e\000\040\000E\000x\000a\000c\000t\000\040\000S\000e\000q\000u\000e\000n\000c\000e\000\040\000A\000s\000s\000o\000c\000i\000a\000t\000e\000d\000\040\000w\000i\000t\000h\000\040\000a\000n\000\040\000I\000d\000e\000a\000l}{part.7}% 247
\BOOKMARK [1][-]{section.31}{\376\377\000S\000t\000e\000i\000n\000b\000e\000r\000g\000\040\000G\000r\000o\000u\000p\000s\000\040\000a\000n\000d\000\040\000t\000h\000e\000\040\000F\000u\000n\000c\000t\000o\000r\000\040\000K\0002}{part.7}% 248
\BOOKMARK [1][-]{section.32}{\376\377\000E\000x\000t\000e\000n\000d\000i\000n\000g\000\040\000t\000h\000e\000\040\000E\000x\000t\000a\000c\000t\000\040\000S\000e\000q\000u\000e\000n\000c\000e\000s}{part.7}% 249
\BOOKMARK [1][-]{section.33}{\376\377\000T\000h\000e\000\040\000C\000a\000s\000e\000\040\000o\000f\000\040\000a\000\040\000C\000o\000m\000m\000u\000t\000a\000t\000i\000v\000e\000\040\000B\000a\000n\000c\000h\000\040\000A\000l\000g\000e\000b\000r\000a}{part.7}% 250
\BOOKMARK [1][-]{section.34}{\376\377\000T\000h\000e\000\040\000P\000r\000o\000d\000u\000c\000t\000\040\000K\0001\000\040\000K\0001\000K\0002}{part.7}% 251
\BOOKMARK [1][-]{section.35}{\376\377\000C\000o\000m\000p\000u\000t\000a\000t\000i\000o\000n\000s\000\040\000i\000n\000\040\000t\000h\000e\000\040\000S\000t\000e\000i\000n\000b\000e\000r\000g\000\040\000G\000r\000o\000u\000p}{part.7}% 252
\BOOKMARK [1][-]{section.36}{\376\377\000C\000o\000m\000p\000u\000t\000a\000t\000i\000o\000n\000\040\000o\000f\000\040\000K\0002\000Z}{part.7}% 253
\BOOKMARK [1][-]{section.37}{\376\377\000M\000a\000t\000s\000u\000m\000o\000t\000o\000'\000s\000\040\000C\000o\000m\000p\000u\000t\000a\000t\000i\000o\000n\000\040\000o\000f\000\040\000K\0002\000\040\000o\000f\000\040\000a\000\040\000F\000i\000e\000l\000d}{part.7}% 254
\BOOKMARK [1][-]{section.38}{\376\377\000P\000r\000o\000o\000f\000\040\000o\000f\000\040\000M\000a\000t\000s\000u\000m\000o\000t\000o\000'\000s\000\040\000T\000h\000e\000o\000r\000e\000m}{part.7}% 255
\BOOKMARK [1][-]{section.39}{\376\377\000M\000o\000r\000e\000\040\000a\000b\000o\000u\000t\000\040\000D\000e\000d\000e\000k\000i\000n\000d\000\040\000D\000o\000m\000a\000i\000n\000s}{part.7}% 256
\BOOKMARK [1][-]{section.40}{\376\377\000T\000h\000e\000\040\000T\000r\000a\000n\000s\000f\000e\000r\000\040\000H\000o\000m\000o\000m\000o\000r\000p\000h\000i\000s\000m}{part.7}% 257
\BOOKMARK [1][-]{section.41}{\376\377\000P\000o\000w\000e\000r\000\040\000N\000o\000r\000m\000\040\000R\000e\000s\000i\000d\000u\000e\000\040\000T\000h\000e\000o\000r\000e\000m\000s}{part.7}% 258
\BOOKMARK [1][-]{section.42}{\376\377\000N\000u\000m\000b\000e\000r\000\040\000F\000i\000e\000l\000d\000s}{part.7}% 259
\BOOKMARK [0][-]{part.8}{\376\377\000V\000I\000I\000I\000\040\000F\000o\000r\000m\000a\000l\000\040\000K\000n\000o\000t\000\040\000T\000h\000e\000o\000r\000y\000,\000\040\000K\000a\000u\000f\000f\000m\000a\000n}{}% 260
\BOOKMARK [1][-]{section.43}{\376\377\000I\000n\000t\000r\000o\000d\000u\000c\000t\000i\000o\000n}{part.8}% 261
\BOOKMARK [1][-]{section.44}{\376\377\000S\000t\000a\000t\000e\000s\000,\000\040\000T\000r\000a\000i\000l\000s\000\040\000a\000n\000d\000\040\000t\000h\000e\000\040\000C\000l\000o\000c\000k\000\040\000T\000h\000e\000o\000r\000e\000m}{part.8}% 262
\BOOKMARK [1][-]{section.45}{\376\377\000S\000t\000a\000t\000e\000\040\000P\000o\000l\000y\000n\000o\000m\000i\000a\000l\000s\000\040\000a\000n\000d\000\040\000t\000h\000e\000\040\000D\000u\000a\000l\000i\000t\000y\000\040\000C\000o\000n\000j\000e\000c\000t\000u\000r\000e}{part.8}% 263
\BOOKMARK [1][-]{section.46}{\376\377\000K\000n\000o\000t\000s\000\040\000a\000n\000d\000\040\000L\000i\000n\000k\000s}{part.8}% 264
\BOOKMARK [1][-]{section.47}{\376\377\000A\000x\000i\000o\000m\000a\000t\000i\000c\000\040\000L\000i\000n\000k\000\040\000C\000a\000l\000c\000u\000l\000a\000t\000i\000o\000n\000s}{part.8}% 265
\BOOKMARK [1][-]{section.48}{\376\377\000C\000u\000r\000l\000i\000n\000e\000s\000s\000\040\000a\000n\000d\000\040\000t\000h\000e\000\040\000A\000l\000e\000x\000a\000n\000d\000e\000r\000\040\000P\000o\000l\000y\000n\000o\000m\000i\000a\000l}{part.8}% 266
\BOOKMARK [1][-]{section.49}{\376\377\000T\000h\000e\000\040\000C\000o\000a\000t\000\040\000o\000f\000\040\000M\000a\000n\000y\000\040\000C\000o\000l\000o\000u\000r\000s}{part.8}% 267
\BOOKMARK [1][-]{section.50}{\376\377\000S\000p\000a\000n\000n\000i\000n\000g\000\040\000S\000u\000r\000f\000a\000c\000e\000s}{part.8}% 268
\BOOKMARK [1][-]{section.51}{\376\377\000T\000h\000e\000\040\000G\000e\000n\000u\000s\000\040\000o\000f\000\040\000A\000l\000t\000e\000r\000n\000a\000t\000i\000v\000e\000\040\000L\000i\000n\000k\000s}{part.8}% 269
\BOOKMARK [1][-]{section.52}{\376\377\000R\000i\000b\000b\000o\000n\000\040\000K\000n\000o\000t\000\040\000a\000n\000d\000\040\000t\000h\000e\000\040\000A\000r\000f\000\040\000I\000n\000v\000a\000r\000i\000a\000n\000t}{part.8}% 270
\BOOKMARK [0][-]{part.9}{\376\377\000I\000X\000\040\000A\000n\000\040\000I\000n\000t\000r\000o\000d\000u\000c\000t\000i\000o\000n\000\040\000t\000o\000\040\000I\000n\000v\000a\000r\000i\000a\000n\000t\000s\000\040\000a\000n\000d\000\040\000M\000o\000d\000u\000l\000i\000,\000\040\000M\000u\000k\000a\000i}{}% 271
\BOOKMARK [1][-]{section.53}{\376\377\000I\000n\000v\000a\000r\000i\000a\000n\000t\000s\000\040\000a\000n\000d\000\040\000M\000o\000d\000u\000l\000i}{part.9}% 272
\BOOKMARK [1][-]{section.54}{\376\377\000R\000i\000n\000g\000s\000\040\000a\000n\000d\000\040\000P\000o\000l\000y\000n\000o\000m\000i\000a\000l\000s}{part.9}% 273
\BOOKMARK [1][-]{section.55}{\376\377\000A\000l\000g\000e\000b\000r\000a\000i\000c\000\040\000V\000a\000r\000i\000e\000t\000i\000e\000s}{part.9}% 274
\BOOKMARK [1][-]{section.56}{\376\377\000A\000l\000g\000e\000b\000r\000a\000i\000c\000\040\000G\000r\000o\000u\000p\000s\000\040\000a\000n\000d\000\040\000R\000i\000n\000g\000s\000\040\000o\000f\000\040\000I\000n\000v\000a\000r\000i\000a\000n\000t\000s}{part.9}% 275
\BOOKMARK [1][-]{section.57}{\376\377\000T\000h\000e\000\040\000C\000o\000n\000s\000t\000r\000u\000c\000t\000i\000o\000n\000\040\000o\000f\000\040\000Q\000u\000o\000t\000i\000e\000n\000t\000\040\000V\000a\000r\000i\000e\000t\000i\000e\000s}{part.9}% 276
\BOOKMARK [1][-]{section.58}{\376\377\000T\000h\000e\000\040\000P\000r\000o\000j\000e\000c\000t\000i\000v\000e\000\040\000Q\000u\000o\000t\000i\000e\000n\000t\000s}{part.9}% 277
\BOOKMARK [1][-]{section.59}{\376\377\000T\000h\000e\000\040\000N\000u\000m\000e\000r\000i\000c\000a\000l\000\040\000C\000r\000i\000t\000e\000r\000i\000o\000n\000\040\000a\000n\000d\000\040\000S\000o\000m\000e\000\040\000A\000p\000p\000l\000i\000c\000a\000t\000i\000o\000n\000s}{part.9}% 278
\BOOKMARK [1][-]{section.60}{\376\377\000G\000r\000a\000s\000s\000m\000a\000n\000n\000i\000a\000n\000s\000\040\000a\000n\000d\000\040\000V\000e\000c\000t\000o\000r\000\040\000B\000u\000n\000d\000l\000e\000s}{part.9}% 279
\BOOKMARK [1][-]{section.61}{\376\377\000C\000u\000r\000v\000e\000s\000\040\000a\000n\000d\000\040\000t\000h\000e\000i\000r\000\040\000J\000a\000c\000o\000b\000i\000a\000n\000s}{part.9}% 280
\BOOKMARK [1][-]{section.62}{\376\377\000S\000t\000a\000b\000l\000e\000\040\000V\000e\000c\000t\000o\000r\000\040\000B\000u\000n\000d\000l\000e\000s\000\040\000o\000n\000\040\000C\000u\000r\000v\000e\000s}{part.9}% 281
\BOOKMARK [1][-]{section.63}{\376\377\000M\000o\000d\000u\000l\000i\000\040\000F\000u\000n\000c\000t\000o\000r\000s}{part.9}% 282
\BOOKMARK [1][-]{section.64}{\376\377\000I\000n\000t\000e\000r\000s\000e\000c\000t\000i\000o\000n\000\040\000N\000u\000m\000b\000e\000r\000s\000\040\000a\000n\000d\000\040\000t\000h\000e\000\040\000V\000e\000r\000l\000i\000n\000d\000e\000\040\000F\000o\000r\000m\000u\000l\000a}{part.9}% 283
\BOOKMARK [0][-]{part.10}{\376\377\000X\000\040\000S\000i\000m\000p\000l\000i\000c\000i\000a\000l\000\040\000a\000n\000d\000\040\000D\000e\000n\000d\000r\000o\000i\000d\000a\000l\000\040\000H\000o\000m\000o\000t\000o\000p\000y\000\040\000T\000h\000e\000o\000r\000y}{}% 284
\BOOKMARK [1][-]{section.65}{\376\377\000O\000p\000e\000r\000a\000d\000s}{part.10}% 285
\BOOKMARK [2][-]{subsection.65.1}{\376\377\000O\000p\000e\000r\000a\000d\000s}{section.65}% 286
\BOOKMARK [2][-]{subsection.65.2}{\376\377\000A\000l\000g\000e\000b\000r\000a\000s\000\040\000f\000o\000r\000\040\000O\000p\000e\000r\000a\000d\000s}{section.65}% 287
\BOOKMARK [2][-]{subsection.65.3}{\376\377\000T\000r\000e\000e\000s}{section.65}% 288
\BOOKMARK [2][-]{subsection.65.4}{\376\377\000A\000l\000t\000e\000r\000n\000a\000t\000i\000v\000e\000\040\000D\000e\000f\000i\000n\000i\000t\000i\000o\000n\000s\000\040\000f\000o\000r\000\040\000O\000p\000e\000r\000a\000d\000s}{section.65}% 289
\BOOKMARK [2][-]{subsection.65.5}{\376\377\000F\000r\000e\000e\000\040\000O\000p\000e\000r\000a\000d\000s}{section.65}% 290
\BOOKMARK [2][-]{subsection.65.6}{\376\377\000T\000h\000e\000\040\000T\000e\000n\000s\000o\000r\000\040\000P\000r\000o\000d\000u\000c\000t\000\040\000o\000f\000\040\000O\000p\000e\000r\000a\000d\000s}{section.65}% 291
\BOOKMARK [2][-]{subsection.65.7}{\376\377\000T\000h\000e\000\040\000B\000o\000a\000r\000d\000m\000a\000n\000-\000V\000o\000g\000t\000\040\000R\000e\000s\000o\000l\000u\000t\000i\000o\000n\000\040\000o\000f\000\040\000a\000n\000\040\000O\000p\000e\000r\000a\000d}{section.65}% 292
\BOOKMARK [2][-]{subsection.65.8}{\376\377\000C\000o\000n\000f\000i\000g\000u\000r\000a\000t\000i\000o\000n\000\040\000S\000p\000a\000c\000e\000s\000\040\000a\000n\000d\000\040\000t\000h\000e\000\040\000F\000u\000l\000t\000o\000n\000-\000M\000a\000c\000P\000h\000e\000r\000s\000o\000n\000\040\000O\000p\000e\000r\000a\000d}{section.65}% 293
\BOOKMARK [2][-]{subsection.65.9}{\376\377\000C\000o\000n\000f\000i\000g\000u\000r\000a\000t\000i\000o\000n\000\040\000S\000p\000a\000c\000e\000s\000\040\000a\000n\000d\000\040\000t\000h\000e\000\040\000O\000p\000e\000r\000a\000d\000\040\000o\000f\000\040\000L\000i\000t\000t\000l\000e\000\040\000C\000u\000b\000e\000s}{section.65}% 294
\BOOKMARK [1][-]{section.66}{\376\377\000S\000i\000m\000p\000l\000i\000c\000i\000a\000l\000\040\000S\000e\000t\000s}{part.10}% 295
\BOOKMARK [2][-]{subsection.66.1}{\376\377\000T\000h\000e\000\040\000S\000i\000m\000p\000l\000e\000x\000\040\000C\000a\000t\000e\000g\000o\000r\000y\000\040}{section.66}% 296
\BOOKMARK [3][-]{subsubsection.66.1.1}{\376\377\000L\000i\000m\000i\000t\000s\000\040\000a\000n\000d\000\040\000C\000o\000l\000i\000m\000i\000t\000s\000\040\000o\000f\000\040\000T\000h\000e\000\040\000S\000i\000m\000p\000l\000i\000c\000i\000a\000l\000\040\000C\000a\000t\000e\000g\000o\000r\000y}{subsection.66.1}% 297
\BOOKMARK [2][-]{subsection.66.2}{\376\377\000S\000i\000m\000p\000l\000i\000c\000i\000a\000l\000\040\000S\000e\000t\000s\000\040\000a\000n\000d\000\040\000t\000h\000e\000\040\000G\000e\000o\000m\000e\000t\000r\000i\000c\000\040\000R\000e\000a\000l\000i\000s\000a\000t\000i\000o\000n}{section.66}% 298
\BOOKMARK [1][-]{section.67}{\376\377\000D\000e\000n\000d\000r\000o\000i\000d\000a\000l\000\040\000S\000e\000t\000s}{part.10}% 299
\BOOKMARK [1][-]{section.68}{\376\377\000T\000e\000n\000s\000o\000r\000\040\000P\000r\000o\000d\000u\000c\000t\000s\000\040\000o\000f\000\040\000D\000e\000n\000d\000r\000o\000i\000d\000a\000l\000\040\000S\000e\000t\000s}{part.10}% 300
\BOOKMARK [1][-]{section.69}{\376\377\000K\000a\000n\000\040\000C\000o\000n\000d\000i\000t\000i\000o\000n\000s\000\040\000f\000o\000r\000\040\000S\000i\000m\000p\000l\000i\000c\000i\000a\000l\000\040\000S\000e\000t\000s}{part.10}% 301
\BOOKMARK [1][-]{section.70}{\376\377\000K\000a\000n\000\040\000C\000o\000n\000d\000i\000t\000i\000o\000n\000s\000\040\000f\000o\000r\000\040\000D\000e\000n\000d\000r\000o\000i\000d\000a\000l\000\040\000S\000e\000t\000s}{part.10}% 302
\BOOKMARK [1][-]{section.71}{\376\377\000M\000o\000d\000e\000l\000\040\000C\000a\000t\000e\000g\000o\000r\000i\000e\000s}{part.10}% 303
\BOOKMARK [1][-]{section.72}{\376\377\000M\000o\000d\000e\000l\000\040\000S\000t\000r\000u\000c\000t\000u\000r\000e\000s\000\040\000o\000n\000\040\000t\000h\000e\000\040\000C\000a\000t\000e\000g\000o\000r\000y\000\040\000o\000f\000\040\000S\000i\000m\000p\000l\000i\000c\000i\000a\000l\000\040\000S\000e\000t\000s}{part.10}% 304
\BOOKMARK [1][-]{section.73}{\376\377\000T\000h\000r\000e\000e\000\040\000M\000o\000d\000e\000l\000\040\000S\000t\000r\000u\000c\000t\000u\000r\000e\000s\000\040\000o\000n\000\040\000t\000h\000e\000\040\000C\000a\000t\000e\000g\000o\000r\000y\000\040\000o\000f\000\040\000D\000e\000n\000d\000r\000o\000i\000d\000a\000l\000\040\000S\000e\000t\000s}{part.10}% 305
\BOOKMARK [1][-]{section.74}{\376\377\000R\000e\000e\000d\000y\000\040\000C\000a\000t\000e\000g\000o\000r\000i\000e\000s\000\040\000a\000n\000d\000\040\000D\000i\000a\000g\000r\000a\000m\000s\000\040\000o\000f\000\040\000S\000p\000a\000c\000e\000s}{part.10}% 306
\BOOKMARK [1][-]{section.75}{\376\377\000M\000a\000p\000p\000i\000n\000g\000\040\000S\000p\000a\000c\000e\000s\000\040\000a\000n\000d\000\040\000B\000o\000u\000s\000f\000i\000e\000l\000d\000\040\000L\000o\000c\000a\000l\000i\000s\000a\000t\000i\000o\000n\000s}{part.10}% 307
\BOOKMARK [1][-]{section.76}{\376\377\000D\000e\000n\000d\000r\000o\000i\000d\000a\000l\000\040\000S\000p\000a\000c\000e\000s\000\040\000a\000n\000d\000\040\000-\000O\000p\000e\000r\000a\000d\000s}{part.10}% 308
\BOOKMARK [1][-]{section.77}{\376\377\000L\000e\000f\000t\000\040\000F\000i\000b\000r\000a\000t\000i\000o\000n\000s\000\040\000a\000n\000d\000\040\000t\000h\000e\000\040\000C\000o\000v\000a\000r\000i\000a\000n\000t\000\040\000M\000o\000d\000e\000l\000\040\000S\000t\000r\000u\000c\000t\000u\000r\000e}{part.10}% 309
\BOOKMARK [1][-]{section.78}{\376\377\000S\000i\000m\000p\000l\000i\000c\000a\000l\000\040\000O\000p\000e\000r\000a\000d\000s\000\040\000a\000n\000d\000\040\000-\000O\000p\000e\000r\000a\000d\000s}{part.10}% 310
\BOOKMARK [1][-]{section.79}{\376\377\000S\000o\000m\000e\000\040\000R\000e\000s\000e\000a\000r\000c\000h}{part.10}% 311
\BOOKMARK [2][-]{subsection.79.1}{\376\377\000Y\000u\000b\000i\000w\000a\000l\000\040\000S\000e\000t\000s\000\040\143\007\217\052}{section.79}% 312
