\BOOKMARK [0][-]{part.1}{\376\377\000I\000\040\000A\000l\000g\000e\000b\000r\000a\000i\000c\000\040\000G\000e\000o\000m\000e\000t\000r\000y\000\040\000I\000:\000\040\000S\000c\000h\000e\000m\000e\000s\000,\000\040\000G\000o\000r\000t\000z\000-\000W\000e\000d\000h\000o\000r\000n}{}% 1
\BOOKMARK [1][-]{section.1}{\376\377\000P\000r\000e\000v\000a\000r\000i\000e\000t\000i\000e\000s}{part.1}% 2
\BOOKMARK [2][-]{subsection.1.1}{\376\377\000A\000f\000f\000i\000n\000e\000\040\000A\000l\000g\000e\000b\000r\000a\000i\000c\000\040\000S\000e\000t\000s}{section.1}% 3
\BOOKMARK [3][-]{subsubsection.1.1.1}{\376\377\000T\000h\000e\000\040\000Z\000a\000r\000i\000s\000k\000i\000\040\000T\000o\000p\000o\000l\000o\000g\000y\000\040\000o\000n\000\040\000A\000k\000n}{subsection.1.1}% 4
\BOOKMARK [3][-]{subsubsection.1.1.2}{\376\377\000A\000f\000f\000i\000n\000e\000\040\000A\000l\000g\000e\000b\000r\000a\000i\000c\000\040\000S\000e\000t\000s}{subsection.1.1}% 5
\BOOKMARK [3][-]{subsubsection.1.1.3}{\376\377\000H\000i\000l\000b\000e\000r\000t\000'\000s\000\040\000N\000u\000l\000l\000s\000t\000e\000l\000l\000e\000n\000s\000a\000t\000z}{subsection.1.1}% 6
\BOOKMARK [3][-]{subsubsection.1.1.4}{\376\377\000T\000h\000e\000\040\000R\000a\000d\000i\000c\000a\000l\000-\000A\000f\000f\000i\000n\000e\000\040\000C\000o\000r\000r\000e\000s\000p\000o\000n\000d\000e\000n\000c\000e}{subsection.1.1}% 7
\BOOKMARK [2][-]{subsection.1.2}{\376\377\000A\000f\000f\000i\000n\000e\000\040\000A\000l\000g\000e\000b\000r\000a\000i\000c\000\040\000S\000e\000t\000s\000\040\000a\000s\000\040\000S\000p\000a\000c\000e\000s\000\040\000w\000i\000t\000h\000\040\000F\000u\000n\000c\000t\000i\000o\000n\000s}{section.1}% 8
\BOOKMARK [2][-]{subsection.1.3}{\376\377\000P\000r\000e\000v\000a\000r\000i\000e\000t\000i\000e\000s}{section.1}% 9
\BOOKMARK [2][-]{subsection.1.4}{\376\377\000P\000r\000o\000j\000e\000c\000t\000i\000v\000e\000\040\000V\000a\000r\000i\000e\000t\000i\000e\000s}{section.1}% 10
\BOOKMARK [2][-]{subsection.1.5}{\376\377\000E\000x\000e\000r\000c\000i\000s\000e\000s}{section.1}% 11
\BOOKMARK [1][-]{section.2}{\376\377\000S\000p\000e\000c\000t\000r\000u\000m\000\040\000o\000f\000\040\000a\000\040\000R\000i\000n\000g}{part.1}% 12
\BOOKMARK [1][-]{section.3}{\376\377\000S\000c\000h\000e\000m\000e\000s}{part.1}% 13
\BOOKMARK [1][-]{section.4}{\376\377\000F\000i\000b\000r\000e\000\040\000P\000r\000o\000d\000u\000c\000t\000s}{part.1}% 14
\BOOKMARK [1][-]{section.5}{\376\377\000S\000c\000h\000e\000m\000e\000s\000\040\000o\000v\000e\000r\000\040\000F\000i\000e\000l\000d\000s}{part.1}% 15
\BOOKMARK [1][-]{section.6}{\376\377\000L\000o\000c\000a\000l\000\040\000P\000o\000r\000p\000o\000e\000r\000t\000i\000e\000s\000\040\000o\000f\000\040\000S\000c\000h\000e\000m\000e\000s}{part.1}% 16
\BOOKMARK [1][-]{section.7}{\376\377\000Q\000u\000a\000s\000i\000-\000C\000o\000h\000e\000r\000e\000n\000t\000\040\000M\000o\000d\000u\000l\000e\000s}{part.1}% 17
\BOOKMARK [2][-]{subsection.7.1}{\376\377\000E\000x\000c\000u\000r\000s\000i\000o\000n\000\040\000i\000n\000t\000o\000\040\000O\000X\000-\000M\000o\000d\000u\000l\000e\000s}{section.7}% 18
\BOOKMARK [2][-]{subsection.7.2}{\376\377\000Q\000u\000a\000s\000i\000-\000C\000o\000h\000e\000r\000e\000n\000t\000\040\000M\000o\000d\000u\000l\000e\000s\000\040\000o\000n\000\040\000a\000\040\000S\000c\000h\000e\000m\000e}{section.7}% 19
\BOOKMARK [2][-]{subsection.7.3}{\376\377\000P\000r\000o\000p\000e\000r\000t\000i\000e\000s\000\040\000o\000f\000\040\000Q\000u\000a\000s\000i\000-\000C\000o\000h\000e\000r\000e\000n\000t\000\040\000M\000o\000d\000u\000l\000e\000s}{section.7}% 20
\BOOKMARK [2][-]{subsection.7.4}{\376\377\000E\000x\000e\000r\000c\000i\000s\000e\000s}{section.7}% 21
\BOOKMARK [1][-]{section.8}{\376\377\000R\000e\000p\000r\000e\000s\000e\000n\000t\000a\000b\000l\000e\000\040\000F\000u\000n\000c\000t\000o\000r\000s}{part.1}% 22
\BOOKMARK [2][-]{subsection.8.1}{\376\377\000R\000e\000p\000r\000e\000s\000e\000n\000t\000a\000b\000l\000e\000\040\000F\000u\000n\000c\000t\000o\000r\000s}{section.8}% 23
\BOOKMARK [2][-]{subsection.8.2}{\376\377\000T\000h\000e\000\040\000G\000r\000a\000s\000s\000m\000a\000n\000n\000i\000a\000n}{section.8}% 24
\BOOKMARK [2][-]{subsection.8.3}{\376\377\000B\000r\000a\000u\000e\000r\000-\000S\000e\000v\000e\000r\000i\000\040\000S\000c\000h\000e\000m\000e\000s}{section.8}% 25
\BOOKMARK [2][-]{subsection.8.4}{\376\377\000E\000x\000e\000r\000c\000i\000s\000e\000s}{section.8}% 26
\BOOKMARK [1][-]{section.9}{\376\377\000S\000e\000p\000a\000r\000a\000t\000e\000d\000\040\000M\000o\000r\000p\000h\000i\000s\000m\000s}{part.1}% 27
\BOOKMARK [2][-]{subsection.9.1}{\376\377\000D\000i\000a\000g\000o\000n\000a\000l\000\040\000o\000f\000\040\000S\000c\000h\000e\000m\000e\000\040\000M\000o\000r\000p\000h\000i\000s\000m\000\040\000s\000\040\000a\000n\000d\000\040\000S\000e\000p\000a\000r\000a\000t\000e\000d\000\040\000M\000o\000r\000p\000h\000i\000s\000m\000s}{section.9}% 28
\BOOKMARK [2][-]{subsection.9.2}{\376\377\000R\000a\000t\000i\000o\000n\000a\000l\000\040\000M\000a\000p\000s\000\040\000a\000n\000d\000\040\000F\000u\000n\000c\000t\000i\000o\000n\000\040\000F\000i\000e\000l\000d\000s}{section.9}% 29
\BOOKMARK [2][-]{subsection.9.3}{\376\377\000E\000x\000e\000r\000c\000i\000s\000e\000s}{section.9}% 30
\BOOKMARK [1][-]{section.10}{\376\377\000F\000i\000n\000i\000t\000e\000n\000e\000s\000s\000\040\000C\000o\000n\000d\000i\000t\000i\000o\000n\000s}{part.1}% 31
\BOOKMARK [2][-]{subsection.10.1}{}{section.10}% 32
\BOOKMARK [2][-]{subsection.10.2}{}{section.10}% 33
\BOOKMARK [2][-]{subsection.10.3}{}{section.10}% 34
\BOOKMARK [2][-]{subsection.10.4}{}{section.10}% 35
\BOOKMARK [2][-]{subsection.10.5}{\376\377\000E\000x\000e\000r\000c\000i\000s\000e\000s}{section.10}% 36
\BOOKMARK [1][-]{section.11}{\376\377\000V\000e\000c\000t\000o\000r\000\040\000B\000u\000n\000d\000l\000e\000s}{part.1}% 37
\BOOKMARK [2][-]{subsection.11.1}{}{section.11}% 38
\BOOKMARK [2][-]{subsection.11.2}{}{section.11}% 39
\BOOKMARK [2][-]{subsection.11.3}{}{section.11}% 40
\BOOKMARK [2][-]{subsection.11.4}{}{section.11}% 41
\BOOKMARK [2][-]{subsection.11.5}{\376\377\000E\000x\000e\000r\000c\000i\000s\000e\000s}{section.11}% 42
\BOOKMARK [1][-]{section.12}{\376\377\000A\000f\000f\000i\000n\000e\000\040\000a\000n\000d\000\040\000P\000r\000o\000p\000e\000r\000\040\000M\000o\000r\000p\000h\000i\000s\000m\000s}{part.1}% 43
\BOOKMARK [2][-]{subsection.12.1}{}{section.12}% 44
\BOOKMARK [2][-]{subsection.12.2}{}{section.12}% 45
\BOOKMARK [2][-]{subsection.12.3}{}{section.12}% 46
\BOOKMARK [2][-]{subsection.12.4}{}{section.12}% 47
\BOOKMARK [2][-]{subsection.12.5}{}{section.12}% 48
\BOOKMARK [2][-]{subsection.12.6}{}{section.12}% 49
\BOOKMARK [2][-]{subsection.12.7}{\376\377\000E\000x\000e\000r\000c\000i\000s\000e\000s}{section.12}% 50
\BOOKMARK [1][-]{section.13}{\376\377\000P\000r\000o\000j\000e\000c\000t\000i\000v\000e\000\040\000M\000o\000r\000p\000h\000i\000s\000m\000s}{part.1}% 51
\BOOKMARK [2][-]{subsection.13.1}{}{section.13}% 52
\BOOKMARK [2][-]{subsection.13.2}{}{section.13}% 53
\BOOKMARK [2][-]{subsection.13.3}{}{section.13}% 54
\BOOKMARK [2][-]{subsection.13.4}{\376\377\000E\000x\000e\000r\000c\000i\000s\000e\000s}{section.13}% 55
\BOOKMARK [1][-]{section.14}{\376\377\000F\000l\000a\000t\000\040\000M\000o\000r\000p\000h\000i\000s\000m\000s\000\040\000a\000n\000d\000\040\000D\000i\000m\000e\000n\000s\000i\000o\000n}{part.1}% 56
\BOOKMARK [2][-]{subsection.14.1}{}{section.14}% 57
\BOOKMARK [2][-]{subsection.14.2}{}{section.14}% 58
\BOOKMARK [2][-]{subsection.14.3}{}{section.14}% 59
\BOOKMARK [2][-]{subsection.14.4}{}{section.14}% 60
\BOOKMARK [2][-]{subsection.14.5}{}{section.14}% 61
\BOOKMARK [2][-]{subsection.14.6}{}{section.14}% 62
\BOOKMARK [2][-]{subsection.14.7}{\376\377\000E\000x\000e\000r\000c\000i\000s\000e\000s}{section.14}% 63
\BOOKMARK [1][-]{section.15}{\376\377\000O\000n\000e\000-\000D\000i\000m\000e\000n\000s\000i\000o\000n\000a\000l\000\040\000S\000c\000h\000e\000m\000e\000s}{part.1}% 64
\BOOKMARK [2][-]{subsection.15.1}{}{section.15}% 65
\BOOKMARK [2][-]{subsection.15.2}{}{section.15}% 66
\BOOKMARK [2][-]{subsection.15.3}{}{section.15}% 67
\BOOKMARK [2][-]{subsection.15.4}{}{section.15}% 68
\BOOKMARK [2][-]{subsection.15.5}{\376\377\000E\000x\000e\000r\000c\000i\000s\000e\000s}{section.15}% 69
\BOOKMARK [1][-]{section.16}{\376\377\000E\000x\000a\000m\000p\000l\000e\000s}{part.1}% 70
\BOOKMARK [2][-]{subsection.16.1}{\376\377\000D\000e\000t\000e\000r\000m\000i\000n\000a\000l\000\040\000V\000a\000r\000i\000e\000t\000i\000e\000s}{section.16}% 71
\BOOKMARK [2][-]{subsection.16.2}{\376\377\000C\000u\000b\000i\000c\000\040\000S\000u\000r\000f\000a\000c\000e\000s\000\040\000a\000n\000d\000\040\000H\000i\000l\000b\000e\000r\000t\000\040\000M\000o\000d\000u\000l\000a\000r\000\040\000S\000u\000r\000f\000a\000c\000e}{section.16}% 72
\BOOKMARK [2][-]{subsection.16.3}{\376\377\000C\000y\000c\000l\000i\000c\000\040\000Q\000u\000o\000t\000i\000e\000n\000t\000\040\000S\000i\000n\000g\000u\000l\000a\000r\000i\000t\000i\000e\000s}{section.16}% 73
\BOOKMARK [2][-]{subsection.16.4}{\376\377\000A\000b\000e\000l\000i\000a\000n\000\040\000V\000a\000r\000i\000e\000t\000i\000e\000s}{section.16}% 74
\BOOKMARK [2][-]{subsection.16.5}{\376\377\000E\000x\000e\000r\000c\000i\000s\000e\000s}{section.16}% 75
