\BOOKMARK [1][-]{section.1}{\376\377\000I\000n\000t\000r\000o\000d\000u\000c\000t\000i\000o\000n}{}% 1
\BOOKMARK [2][-]{subsection.1.1}{\376\377\000T\000h\000e\000\040\000B\000a\000s\000i\000c\000\040\000P\000r\000o\000b\000l\000e\000m}{section.1}% 2
\BOOKMARK [2][-]{subsection.1.2}{\376\377\000F\000u\000n\000d\000a\000m\000e\000n\000t\000a\000l\000\040\000G\000r\000o\000u\000p}{section.1}% 3
\BOOKMARK [2][-]{subsection.1.3}{\376\377\000F\000u\000n\000c\000t\000i\000o\000n\000\040\000S\000p\000a\000c\000e\000s\000\040\000a\000n\000d\000\040\000Q\000u\000o\000t\000i\000e\000n\000t\000\040\000S\000p\000a\000c\000e\000s}{section.1}% 4
\BOOKMARK [2][-]{subsection.1.4}{\376\377\000R\000e\000l\000a\000t\000i\000v\000e\000\040\000H\000o\000m\000o\000l\000o\000g\000y}{section.1}% 5
\BOOKMARK [2][-]{subsection.1.5}{\376\377\000S\000o\000m\000e\000\040\000T\000y\000p\000i\000c\000a\000l\000\040\000C\000o\000n\000s\000t\000r\000u\000c\000t\000i\000o\000n\000s}{section.1}% 6
\BOOKMARK [2][-]{subsection.1.6}{\376\377\000C\000o\000f\000i\000b\000r\000a\000t\000i\000o\000n\000s}{section.1}% 7
\BOOKMARK [2][-]{subsection.1.7}{\376\377\000F\000i\000b\000r\000a\000t\000i\000o\000n\000s}{section.1}% 8
\BOOKMARK [2][-]{subsection.1.8}{\376\377\000C\000a\000t\000e\000g\000o\000r\000i\000e\000s\000\040\000a\000n\000d\000\040\000F\000u\000n\000c\000t\000o\000r\000s}{section.1}% 9
\BOOKMARK [2][-]{subsection.1.9}{\376\377\000E\000x\000e\000r\000c\000i\000s\000e\000s}{section.1}% 10
\BOOKMARK [1][-]{section.2}{\376\377\000C\000e\000l\000l\000\040\000C\000o\000m\000p\000l\000e\000x\000e\000s\000\040\000a\000n\000d\000\040\000S\000i\000m\000p\000l\000i\000c\000i\000a\000l\000\040\000C\000o\000m\000p\000l\000e\000x\000e\000s}{}% 11
\BOOKMARK [2][-]{subsection.2.1}{\376\377\000B\000a\000s\000i\000c\000s\000\040\000o\000f\000\040\000C\000o\000n\000v\000e\000x\000\040\000P\000o\000l\000y\000t\000o\000p\000e\000s}{section.2}% 12
\BOOKMARK [2][-]{subsection.2.2}{\376\377\000C\000e\000l\000l\000\040\000C\000o\000m\000p\000l\000e\000x\000e\000s}{section.2}% 13
\BOOKMARK [2][-]{subsection.2.3}{\376\377\000P\000r\000o\000d\000u\000c\000t\000s\000\040\000o\000f\000\040\000C\000e\000l\000l\000\040\000C\000o\000m\000p\000l\000e\000x\000e\000s}{section.2}% 14
\BOOKMARK [2][-]{subsection.2.4}{\376\377\000H\000o\000m\000o\000t\000o\000p\000i\000c\000a\000l\000\040\000A\000s\000p\000e\000c\000t\000s}{section.2}% 15
\BOOKMARK [2][-]{subsection.2.5}{\376\377\000C\000e\000l\000l\000u\000l\000a\000r\000\040\000M\000a\000p\000s}{section.2}% 16
\BOOKMARK [2][-]{subsection.2.6}{\376\377\000A\000b\000s\000t\000r\000a\000c\000t\000\040\000S\000i\000m\000p\000l\000i\000c\000i\000a\000l\000\040\000C\000o\000m\000p\000l\000e\000x\000e\000s}{section.2}% 17
\BOOKMARK [2][-]{subsection.2.7}{\376\377\000G\000e\000o\000m\000e\000t\000r\000i\000c\000\040\000R\000e\000a\000l\000i\000s\000a\000t\000i\000o\000n\000\040\000o\000f\000\040\000S\000i\000m\000p\000l\000i\000c\000i\000a\000l\000\040\000C\000o\000m\000p\000l\000e\000x\000e\000s}{section.2}% 18
\BOOKMARK [2][-]{subsection.2.8}{\376\377\000B\000a\000r\000y\000c\000e\000n\000t\000r\000i\000c\000\040\000S\000u\000b\000d\000i\000v\000i\000s\000i\000o\000n}{section.2}% 19
\BOOKMARK [2][-]{subsection.2.9}{\376\377\000S\000i\000m\000p\000l\000i\000c\000i\000a\000l\000\040\000A\000p\000p\000r\000o\000x\000i\000m\000a\000t\000i\000o\000n}{section.2}% 20
\BOOKMARK [2][-]{subsection.2.10}{\376\377\000L\000i\000n\000k\000s\000\040\000a\000n\000d\000\040\000S\000t\000a\000r\000s}{section.2}% 21
\BOOKMARK [2][-]{subsection.2.11}{\376\377\000E\000x\000e\000r\000c\000i\000s\000e\000s}{section.2}% 22
\BOOKMARK [1][-]{section.3}{\376\377\000C\000o\000v\000e\000r\000i\000n\000g\000\040\000S\000p\000a\000c\000e\000s\000\040\000a\000n\000d\000\040\000F\000u\000n\000d\000a\000m\000e\000n\000t\000a\000l\000\040\000G\000r\000o\000u\000p}{}% 23
\BOOKMARK [2][-]{subsection.3.1}{\376\377\000B\000a\000s\000i\000c\000\040\000D\000e\000f\000i\000n\000i\000t\000i\000o\000n\000s}{section.3}% 24
\BOOKMARK [2][-]{subsection.3.2}{\376\377\000L\000i\000f\000t\000i\000n\000g\000\040\000P\000r\000o\000p\000e\000r\000t\000i\000e\000s}{section.3}% 25
\BOOKMARK [2][-]{subsection.3.3}{\376\377\000R\000e\000l\000a\000t\000i\000o\000n\000\040\000w\000i\000t\000h\000\040\000t\000h\000e\000\040\000F\000u\000n\000d\000a\000m\000e\000n\000t\000a\000l\000\040\000G\000r\000o\000u\000p}{section.3}% 26
\BOOKMARK [2][-]{subsection.3.4}{\376\377\000C\000l\000a\000s\000s\000i\000f\000i\000c\000a\000t\000i\000o\000n\000\040\000o\000f\000\040\000C\000o\000v\000e\000r\000i\000n\000g\000\040\000P\000r\000o\000j\000e\000c\000t\000i\000o\000n\000s}{section.3}% 27
\BOOKMARK [2][-]{subsection.3.5}{\376\377\000G\000r\000o\000u\000p\000\040\000A\000c\000t\000i\000o\000n}{section.3}% 28
\BOOKMARK [2][-]{subsection.3.6}{\376\377\000P\000u\000s\000h\000o\000u\000t\000s\000\040\000a\000n\000d\000\040\000F\000r\000e\000e\000\040\000P\000r\000o\000d\000u\000c\000t\000s}{section.3}% 29
\BOOKMARK [2][-]{subsection.3.7}{\376\377\000S\000i\000e\000f\000e\000r\000t\000-\000v\000a\000n\000\040\000K\000a\000m\000p\000e\000n\000\040\000T\000h\000e\000o\000r\000e\000m}{section.3}% 30
\BOOKMARK [2][-]{subsection.3.8}{\376\377\000A\000p\000p\000l\000i\000c\000a\000t\000i\000o\000n\000s}{section.3}% 31
\BOOKMARK [2][-]{subsection.3.9}{\376\377\000E\000x\000e\000r\000c\000i\000s\000e\000s}{section.3}% 32
\BOOKMARK [1][-]{section.4}{\376\377\000H\000o\000m\000o\000l\000o\000g\000y\000\040\000G\000r\000o\000u\000p\000s}{}% 33
\BOOKMARK [2][-]{subsection.4.1}{\376\377\000B\000a\000s\000i\000c\000\040\000H\000o\000m\000o\000l\000o\000g\000i\000c\000a\000l\000\040\000A\000l\000g\000e\000b\000r\000a}{section.4}% 34
\BOOKMARK [2][-]{subsection.4.2}{\376\377\000S\000i\000n\000g\000u\000l\000a\000r\000\040\000H\000o\000m\000o\000l\000o\000g\000y\000\040\000G\000r\000o\000u\000p\000s}{section.4}% 35
\BOOKMARK [2][-]{subsection.4.3}{\376\377\000C\000o\000n\000s\000t\000r\000u\000c\000t\000i\000o\000n\000\040\000o\000f\000\040\000S\000o\000m\000e\000\040\000O\000t\000h\000e\000r\000\040\000H\000o\000m\000o\000l\000o\000g\000y\000\040\000G\000r\000o\000u\000p\000s}{section.4}% 36
\BOOKMARK [2][-]{subsection.4.4}{\376\377\000S\000o\000m\000e\000\040\000A\000p\000p\000l\000i\000c\000a\000t\000i\000o\000n\000s\000\040\000o\000f\000\040\000H\000o\000m\000o\000l\000o\000g\000y}{section.4}% 37
\BOOKMARK [2][-]{subsection.4.5}{\376\377\000R\000e\000l\000a\000t\000i\000o\000n\000\040\000b\000e\000t\000w\000e\000e\000n\000\040\0001\000\040\000a\000n\000d\000\040\000H\0001}{section.4}% 38
\BOOKMARK [2][-]{subsection.4.6}{\376\377\000A\000l\000l\000\040\000P\000o\000s\000t\000p\000o\000n\000e\000d\000\040\000P\000r\000o\000o\000f\000s}{section.4}% 39
\BOOKMARK [2][-]{subsection.4.7}{\376\377\000E\000x\000e\000r\000c\000i\000s\000e\000s}{section.4}% 40
\BOOKMARK [1][-]{section.5}{\376\377\000T\000o\000p\000o\000l\000o\000g\000y\000\040\000o\000f\000\040\000M\000a\000n\000i\000f\000o\000l\000d\000s}{}% 41
\BOOKMARK [2][-]{subsection.5.1}{\376\377\000S\000e\000t\000\040\000T\000o\000p\000o\000l\000o\000g\000i\000c\000a\000l\000\040\000A\000s\000p\000e\000c\000t\000s}{section.5}% 42
\BOOKMARK [2][-]{subsection.5.2}{\376\377\000T\000r\000i\000a\000n\000g\000u\000l\000a\000t\000i\000o\000n\000\040\000o\000f\000\040\000M\000a\000n\000i\000f\000o\000l\000d\000s}{section.5}% 43
\BOOKMARK [2][-]{subsection.5.3}{\376\377\000C\000l\000a\000s\000s\000i\000f\000i\000c\000a\000t\000i\000o\000n\000\040\000o\000f\000\040\000S\000u\000r\000f\000a\000c\000e\000s}{section.5}% 44
\BOOKMARK [2][-]{subsection.5.4}{\376\377\000B\000a\000s\000i\000c\000s\000\040\000o\000f\000\040\000V\000e\000c\000t\000o\000r\000\040\000B\000u\000n\000d\000l\000e\000s}{section.5}% 45
\BOOKMARK [2][-]{subsection.5.5}{\376\377\000E\000x\000e\000r\000c\000i\000s\000e\000s}{section.5}% 46
\BOOKMARK [1][-]{section.6}{\376\377\000U\000n\000i\000v\000e\000r\000s\000a\000l\000\040\000C\000o\000e\000f\000f\000i\000c\000i\000e\000n\000t\000\040\000T\000h\000e\000o\000r\000e\000m\000\040\000f\000o\000r\000\040\000H\000o\000m\000o\000l\000o\000g\000y}{}% 47
\BOOKMARK [2][-]{subsection.6.1}{\376\377\000M\000e\000t\000h\000o\000d\000\040\000o\000f\000\040\000A\000c\000y\000c\000l\000i\000c\000\040\000M\000o\000d\000e\000l\000s}{section.6}% 48
\BOOKMARK [2][-]{subsection.6.2}{\376\377\000H\000o\000m\000o\000l\000o\000g\000y\000\040\000w\000i\000t\000h\000\040\000C\000o\000e\000f\000f\000i\000c\000i\000e\000n\000t\000s\000:\000\040\000T\000h\000e\000\040\000T\000o\000r\000\040\000F\000u\000n\000c\000t\000o\000r}{section.6}% 49
\BOOKMARK [2][-]{subsection.6.3}{\376\377\000K\000\374\000n\000n\000e\000t\000h\000\040\000F\000o\000r\000m\000u\000l\000a}{section.6}% 50
\BOOKMARK [2][-]{subsection.6.4}{\376\377\000E\000x\000e\000r\000c\000i\000s\000e\000s}{section.6}% 51
\BOOKMARK [1][-]{section.7}{\376\377\000C\000o\000h\000o\000m\000o\000l\000o\000g\000y}{}% 52
\BOOKMARK [2][-]{subsection.7.1}{\376\377\000C\000o\000c\000h\000a\000i\000n\000\040\000C\000o\000m\000p\000l\000e\000x\000e\000s}{section.7}% 53
\BOOKMARK [2][-]{subsection.7.2}{\376\377\000U\000C\000T\000\040\000f\000o\000r\000\040\000C\000o\000h\000o\000m\000o\000l\000o\000g\000y}{section.7}% 54
\BOOKMARK [2][-]{subsection.7.3}{\376\377\000P\000r\000o\000d\000u\000c\000t\000s\000\040\000i\000n\000\040\000C\000o\000h\000o\000m\000o\000l\000o\000g\000y}{section.7}% 55
\BOOKMARK [2][-]{subsection.7.4}{\376\377\000S\000o\000m\000e\000\040\000C\000o\000m\000p\000u\000t\000a\000t\000i\000o\000n\000s}{section.7}% 56
\BOOKMARK [2][-]{subsection.7.5}{\376\377\000E\000x\000e\000r\000c\000i\000s\000e\000s}{section.7}% 57
\BOOKMARK [1][-]{section.8}{\376\377\000H\000o\000m\000o\000l\000o\000g\000y\000\040\000o\000f\000\040\000M\000a\000n\000i\000f\000o\000l\000d\000s}{}% 58
\BOOKMARK [2][-]{subsection.8.1}{\376\377\000O\000r\000i\000e\000n\000t\000a\000b\000i\000l\000i\000t\000y}{section.8}% 59
\BOOKMARK [2][-]{subsection.8.2}{\376\377\000D\000u\000a\000l\000i\000t\000y\000\040\000T\000h\000e\000o\000r\000e\000m\000s}{section.8}% 60
\BOOKMARK [2][-]{subsection.8.3}{\376\377\000A\000p\000p\000l\000i\000c\000a\000t\000i\000o\000n\000s}{section.8}% 61
\BOOKMARK [2][-]{subsection.8.4}{\376\377\000d\000e\000\040\000R\000h\000a\000m\000\040\000C\000o\000h\000o\000m\000o\000l\000o\000g\000y}{section.8}% 62
\BOOKMARK [2][-]{subsection.8.5}{\376\377\000E\000x\000e\000r\000c\000i\000s\000e\000s}{section.8}% 63
\BOOKMARK [1][-]{section.9}{\376\377\000C\000o\000h\000o\000m\000o\000l\000o\000g\000y\000\040\000o\000f\000\040\000S\000h\000e\000a\000v\000e\000s}{}% 64
\BOOKMARK [2][-]{subsection.9.1}{\376\377\000S\000h\000e\000a\000v\000e\000s}{section.9}% 65
\BOOKMARK [2][-]{subsection.9.2}{\376\377\000I\000n\000j\000e\000c\000t\000i\000v\000e\000\040\000S\000h\000e\000a\000v\000e\000s\000\040\000a\000n\000d\000\040\000R\000e\000s\000o\000l\000u\000t\000i\000o\000n\000s}{section.9}% 66
\BOOKMARK [2][-]{subsection.9.3}{\376\377\000C\000o\000h\000o\000m\000o\000l\000o\000g\000y\000\040\000o\000f\000\040\000S\000h\000e\000a\000v\000e\000s}{section.9}% 67
\BOOKMARK [2][-]{subsection.9.4}{\376\377\001\014\000e\000c\000h\000\040\000C\000o\000h\000o\000m\000o\000l\000o\000g\000y}{section.9}% 68
\BOOKMARK [2][-]{subsection.9.5}{\376\377\000E\000x\000e\000r\000c\000i\000s\000e\000s}{section.9}% 69
\BOOKMARK [1][-]{section.10}{\376\377\000H\000o\000m\000o\000t\000o\000p\000y\000\040\000T\000h\000e\000o\000r\000y}{}% 70
\BOOKMARK [2][-]{subsection.10.1}{\376\377\000H\000-\000S\000p\000a\000c\000e\000s\000\040\000a\000n\000d\000\040\000H\000'\000-\000S\000p\000a\000c\000e\000s}{section.10}% 71
\BOOKMARK [2][-]{subsection.10.2}{\376\377\000H\000i\000g\000h\000e\000r\000\040\000H\000o\000m\000o\000t\000o\000p\000y\000\040\000G\000r\000o\000u\000p\000s}{section.10}% 72
\BOOKMARK [2][-]{subsection.10.3}{\376\377\000C\000h\000a\000n\000g\000e\000\040\000o\000f\000\040\000B\000a\000s\000e\000\040\000P\000o\000i\000n\000t}{section.10}% 73
\BOOKMARK [2][-]{subsection.10.4}{\376\377\000H\000u\000r\000e\000w\000i\000c\000z\000\040\000I\000s\000o\000m\000o\000r\000p\000h\000i\000s\000m}{section.10}% 74
\BOOKMARK [2][-]{subsection.10.5}{\376\377\000O\000b\000s\000t\000r\000u\000c\000t\000i\000o\000n\000\040\000T\000h\000e\000o\000r\000y}{section.10}% 75
\BOOKMARK [2][-]{subsection.10.6}{\376\377\000H\000o\000m\000o\000t\000o\000p\000y\000\040\000E\000x\000t\000e\000n\000s\000i\000o\000n\000\040\000a\000n\000d\000\040\000C\000l\000a\000s\000s\000i\000f\000i\000c\000a\000t\000i\000o\000n}{section.10}% 76
\BOOKMARK [2][-]{subsection.10.7}{\376\377\000E\000i\000l\000e\000n\000b\000e\000r\000g\000-\000M\000a\000c\000L\000a\000n\000e\000\040\000S\000p\000a\000c\000e\000s}{section.10}% 77
\BOOKMARK [2][-]{subsection.10.8}{\376\377\000M\000o\000o\000r\000e\000-\000P\000o\000s\000t\000n\000i\000k\000o\000v\000\040\000D\000e\000c\000o\000m\000p\000o\000s\000i\000t\000i\000o\000n}{section.10}% 78
\BOOKMARK [2][-]{subsection.10.9}{\376\377\000C\000o\000m\000p\000u\000t\000a\000t\000i\000o\000n\000\040\000w\000i\000t\000h\000\040\000L\000i\000e\000\040\000G\000r\000o\000u\000p\000s\000\040\000a\000n\000d\000\040\000t\000h\000e\000i\000r\000\040\000Q\000u\000o\000t\000i\000e\000n\000t\000s}{section.10}% 79
\BOOKMARK [2][-]{subsection.10.10}{\376\377\000H\000o\000m\000o\000l\000o\000g\000y\000\040\000w\000i\000t\000h\000\040\000L\000o\000c\000a\000l\000\040\000C\000o\000e\000f\000f\000i\000c\000i\000e\000n\000t\000s}{section.10}% 80
\BOOKMARK [2][-]{subsection.10.11}{\376\377\000E\000x\000e\000r\000c\000i\000s\000e\000s}{section.10}% 81
\BOOKMARK [1][-]{section.11}{\376\377\000H\000o\000m\000o\000l\000o\000g\000y\000\040\000o\000f\000\040\000F\000i\000b\000r\000e\000\040\000S\000p\000a\000c\000e\000s}{}% 82
\BOOKMARK [2][-]{subsection.11.1}{\376\377\000G\000e\000n\000e\000r\000a\000l\000i\000t\000i\000e\000s\000\040\000a\000b\000o\000u\000t\000\040\000F\000i\000b\000r\000a\000t\000i\000o\000n\000s}{section.11}% 83
\BOOKMARK [2][-]{subsection.11.2}{\376\377\000T\000h\000o\000m\000\040\000I\000s\000o\000m\000o\000r\000p\000h\000i\000s\000m\000\040\000T\000h\000e\000o\000r\000e\000m}{section.11}% 84
\BOOKMARK [2][-]{subsection.11.3}{\376\377\000F\000i\000b\000r\000a\000t\000i\000o\000n\000s\000\040\000o\000v\000e\000r\000\040\000S\000u\000s\000p\000e\000n\000s\000i\000o\000n\000s}{section.11}% 85
\BOOKMARK [2][-]{subsection.11.4}{\376\377\000C\000o\000h\000o\000m\000o\000l\000o\000g\000y\000\040\000o\000f\000\040\000C\000l\000a\000s\000s\000i\000c\000a\000l\000\040\000G\000r\000o\000u\000p\000s}{section.11}% 86
\BOOKMARK [2][-]{subsection.11.5}{\376\377\000E\000x\000e\000r\000c\000i\000s\000e\000s}{section.11}% 87
\BOOKMARK [1][-]{section.12}{\376\377\000C\000h\000a\000r\000a\000c\000t\000e\000r\000i\000s\000i\000c\000\040\000C\000l\000a\000s\000s\000e\000s}{}% 88
\BOOKMARK [2][-]{subsection.12.1}{\376\377\000O\000r\000i\000e\000n\000t\000a\000t\000i\000o\000n\000\040\000a\000n\000d\000\040\000E\000u\000l\000e\000r\000\040\000C\000l\000a\000s\000s}{section.12}% 89
\BOOKMARK [2][-]{subsection.12.2}{\376\377\000C\000o\000n\000s\000t\000r\000u\000c\000t\000i\000o\000n\000\040\000o\000f\000\040\000S\000t\000e\000i\000f\000e\000l\000-\000W\000h\000i\000t\000n\000e\000y\000\040\000C\000l\000a\000s\000s\000e\000s\000\040\000a\000n\000d\000\040\000C\000h\000e\000r\000n\000\040\000C\000l\000a\000s\000s\000e\000s}{section.12}% 90
\BOOKMARK [2][-]{subsection.12.3}{\376\377\000F\000u\000n\000d\000a\000m\000e\000n\000t\000a\000l\000\040\000P\000r\000o\000p\000e\000r\000t\000i\000e\000s}{section.12}% 91
\BOOKMARK [2][-]{subsection.12.4}{\376\377\000S\000p\000l\000i\000t\000t\000i\000n\000g\000\040\000P\000r\000i\000n\000c\000i\000p\000l\000e\000s\000\040\000a\000n\000d\000\040\000U\000n\000i\000q\000u\000e\000n\000e\000s\000s}{section.12}% 92
\BOOKMARK [2][-]{subsection.12.5}{\376\377\000C\000o\000m\000p\000l\000e\000x\000\040\000B\000u\000n\000d\000l\000e\000s\000\040\000a\000n\000d\000\040\000P\000o\000n\000t\000r\000j\000a\000g\000i\000n\000\040\000C\000l\000a\000s\000s\000e\000s}{section.12}% 93
\BOOKMARK [2][-]{subsection.12.6}{\376\377\000E\000x\000e\000r\000c\000i\000s\000e\000s}{section.12}% 94
\BOOKMARK [1][-]{section.13}{\376\377\000S\000p\000e\000c\000t\000r\000a\000l\000\040\000S\000e\000q\000u\000e\000n\000c\000e\000s}{}% 95
\BOOKMARK [2][-]{subsection.13.1}{\376\377\000W\000a\000r\000m\000-\000U\000p}{section.13}% 96
\BOOKMARK [2][-]{subsection.13.2}{\376\377\000E\000x\000a\000c\000t\000\040\000C\000o\000u\000p\000l\000e\000s}{section.13}% 97
\BOOKMARK [2][-]{subsection.13.3}{\376\377\000A\000l\000g\000e\000b\000r\000a\000\040\000o\000f\000\040\000S\000p\000e\000c\000t\000r\000a\000l\000\040\000S\000e\000q\000u\000e\000n\000c\000e\000s}{section.13}% 98
\BOOKMARK [2][-]{subsection.13.4}{\376\377\000L\000e\000r\000a\000y\000-\000S\000e\000r\000r\000e\000\040\000S\000p\000e\000c\000t\000r\000a\000l\000\040\000S\000e\000q\000u\000e\000n\000c\000e\000s}{section.13}% 99
\BOOKMARK [2][-]{subsection.13.5}{\376\377\000I\000m\000m\000e\000d\000i\000a\000t\000e\000\040\000A\000p\000p\000l\000i\000c\000a\000t\000i\000o\000n\000s}{section.13}% 100
\BOOKMARK [2][-]{subsection.13.6}{\376\377\000T\000r\000a\000n\000s\000g\000r\000e\000s\000s\000i\000o\000n}{section.13}% 101
\BOOKMARK [2][-]{subsection.13.7}{\376\377\000C\000o\000h\000o\000m\000o\000l\000o\000g\000y\000\040\000S\000p\000e\000c\000t\000r\000a\000l\000\040\000S\000e\000q\000u\000e\000n\000c\000e\000s}{section.13}% 102
\BOOKMARK [2][-]{subsection.13.8}{\376\377\000S\000e\000r\000r\000e\000\040\000C\000l\000a\000s\000s\000e\000s}{section.13}% 103
\BOOKMARK [2][-]{subsection.13.9}{\376\377\000H\000o\000m\000o\000t\000o\000p\000y\000\040\000G\000r\000o\000u\000p\000s\000\040\000o\000f\000\040\000S\000p\000h\000e\000r\000e\000s}{section.13}% 104
