\BOOKMARK [0][-]{part.1}{\376\377\000I\000\040\000S\000i\000m\000p\000l\000i\000c\000i\000a\000l\000\040\000a\000n\000d\000\040\000D\000e\000n\000d\000r\000o\000i\000d\000a\000l\000\040\000H\000o\000m\000o\000t\000o\000p\000y\000\040\000T\000h\000e\000o\000r\000y}{}% 1
\BOOKMARK [1][-]{section.1}{\376\377\000O\000p\000e\000r\000a\000d\000s}{part.1}% 2
\BOOKMARK [2][-]{subsection.1.1}{\376\377\000O\000p\000e\000r\000a\000d\000s}{section.1}% 3
\BOOKMARK [2][-]{subsection.1.2}{\376\377\000A\000l\000g\000e\000b\000r\000a\000s\000\040\000f\000o\000r\000\040\000O\000p\000e\000r\000a\000d\000s}{section.1}% 4
\BOOKMARK [2][-]{subsection.1.3}{\376\377\000T\000r\000e\000e\000s}{section.1}% 5
\BOOKMARK [2][-]{subsection.1.4}{\376\377\000A\000l\000t\000e\000r\000n\000a\000t\000i\000v\000e\000\040\000D\000e\000f\000i\000n\000i\000t\000i\000o\000n\000s\000\040\000f\000o\000r\000\040\000O\000p\000e\000r\000a\000d\000s}{section.1}% 6
\BOOKMARK [2][-]{subsection.1.5}{\376\377\000F\000r\000e\000e\000\040\000O\000p\000e\000r\000a\000d\000s}{section.1}% 7
\BOOKMARK [2][-]{subsection.1.6}{\376\377\000T\000h\000e\000\040\000T\000e\000n\000s\000o\000r\000\040\000P\000r\000o\000d\000u\000c\000t\000\040\000o\000f\000\040\000O\000p\000e\000r\000a\000d\000s}{section.1}% 8
\BOOKMARK [2][-]{subsection.1.7}{\376\377\000T\000h\000e\000\040\000B\000o\000a\000r\000d\000m\000a\000n\000-\000V\000o\000g\000t\000\040\000R\000e\000s\000o\000l\000u\000t\000i\000o\000n\000\040\000o\000f\000\040\000a\000n\000\040\000O\000p\000e\000r\000a\000d}{section.1}% 9
\BOOKMARK [2][-]{subsection.1.8}{\376\377\000C\000o\000n\000f\000i\000g\000u\000r\000a\000t\000i\000o\000n\000\040\000S\000p\000a\000c\000e\000s\000\040\000a\000n\000d\000\040\000t\000h\000e\000\040\000F\000u\000l\000t\000o\000n\000-\000M\000a\000c\000P\000h\000e\000r\000s\000o\000n\000\040\000O\000p\000e\000r\000a\000d}{section.1}% 10
\BOOKMARK [2][-]{subsection.1.9}{\376\377\000C\000o\000n\000f\000i\000g\000u\000r\000a\000t\000i\000o\000n\000\040\000S\000p\000a\000c\000e\000s\000\040\000a\000n\000d\000\040\000t\000h\000e\000\040\000O\000p\000e\000r\000a\000d\000\040\000o\000f\000\040\000L\000i\000t\000t\000l\000e\000\040\000C\000u\000b\000e\000s}{section.1}% 11
\BOOKMARK [1][-]{section.2}{\376\377\000S\000i\000m\000p\000l\000i\000c\000i\000a\000l\000\040\000S\000e\000t\000s}{part.1}% 12
\BOOKMARK [2][-]{subsection.2.1}{\376\377\000T\000h\000e\000\040\000S\000i\000m\000p\000l\000e\000x\000\040\000C\000a\000t\000e\000g\000o\000r\000y\000\040}{section.2}% 13
\BOOKMARK [3][-]{subsubsection.2.1.1}{\376\377\000L\000i\000m\000i\000t\000s\000\040\000a\000n\000d\000\040\000C\000o\000l\000i\000m\000i\000t\000s\000\040\000o\000f\000\040\000T\000h\000e\000\040\000S\000i\000m\000p\000l\000i\000c\000i\000a\000l\000\040\000C\000a\000t\000e\000g\000o\000r\000y}{subsection.2.1}% 14
\BOOKMARK [2][-]{subsection.2.2}{\376\377\000S\000i\000m\000p\000l\000i\000c\000i\000a\000l\000\040\000S\000e\000t\000s\000\040\000a\000n\000d\000\040\000t\000h\000e\000\040\000G\000e\000o\000m\000e\000t\000r\000i\000c\000\040\000R\000e\000a\000l\000i\000s\000a\000t\000i\000o\000n}{section.2}% 15
\BOOKMARK [2][-]{subsection.2.3}{\376\377\000T\000h\000e\000\040\000G\000e\000o\000m\000e\000t\000r\000i\000c\000\040\000R\000e\000a\000l\000i\000s\000a\000t\000i\000o\000n\000\040\000a\000s\000\040\000a\000\040\000C\000e\000l\000l\000\040\000C\000o\000m\000p\000l\000e\000x}{section.2}% 16
\BOOKMARK [2][-]{subsection.2.4}{\376\377\000S\000i\000m\000p\000l\000i\000c\000i\000a\000l\000\040\000S\000e\000t\000s\000\040\000a\000s\000\040\000a\000\040\000C\000a\000t\000e\000g\000o\000r\000y\000\040\000o\000f\000\040\000P\000r\000e\000s\000h\000e\000a\000v\000e\000s}{section.2}% 17
\BOOKMARK [1][-]{section.3}{\376\377\000D\000e\000n\000d\000r\000o\000i\000d\000a\000l\000\040\000S\000e\000t\000s}{part.1}% 18
\BOOKMARK [1][-]{section.4}{\376\377\000T\000e\000n\000s\000o\000r\000\040\000P\000r\000o\000d\000u\000c\000t\000s\000\040\000o\000f\000\040\000D\000e\000n\000d\000r\000o\000i\000d\000a\000l\000\040\000S\000e\000t\000s}{part.1}% 19
\BOOKMARK [1][-]{section.5}{\376\377\000K\000a\000n\000\040\000C\000o\000n\000d\000i\000t\000i\000o\000n\000s\000\040\000f\000o\000r\000\040\000S\000i\000m\000p\000l\000i\000c\000i\000a\000l\000\040\000S\000e\000t\000s}{part.1}% 20
\BOOKMARK [1][-]{section.6}{\376\377\000K\000a\000n\000\040\000C\000o\000n\000d\000i\000t\000i\000o\000n\000s\000\040\000f\000o\000r\000\040\000D\000e\000n\000d\000r\000o\000i\000d\000a\000l\000\040\000S\000e\000t\000s}{part.1}% 21
\BOOKMARK [1][-]{section.7}{\376\377\000M\000o\000d\000e\000l\000\040\000C\000a\000t\000e\000g\000o\000r\000i\000e\000s}{part.1}% 22
\BOOKMARK [1][-]{section.8}{\376\377\000M\000o\000d\000e\000l\000\040\000S\000t\000r\000u\000c\000t\000u\000r\000e\000s\000\040\000o\000n\000\040\000t\000h\000e\000\040\000C\000a\000t\000e\000g\000o\000r\000y\000\040\000o\000f\000\040\000S\000i\000m\000p\000l\000i\000c\000i\000a\000l\000\040\000S\000e\000t\000s}{part.1}% 23
\BOOKMARK [1][-]{section.9}{\376\377\000T\000h\000r\000e\000e\000\040\000M\000o\000d\000e\000l\000\040\000S\000t\000r\000u\000c\000t\000u\000r\000e\000s\000\040\000o\000n\000\040\000t\000h\000e\000\040\000C\000a\000t\000e\000g\000o\000r\000y\000\040\000o\000f\000\040\000D\000e\000n\000d\000r\000o\000i\000d\000a\000l\000\040\000S\000e\000t\000s}{part.1}% 24
\BOOKMARK [1][-]{section.10}{\376\377\000R\000e\000e\000d\000y\000\040\000C\000a\000t\000e\000g\000o\000r\000i\000e\000s\000\040\000a\000n\000d\000\040\000D\000i\000a\000g\000r\000a\000m\000s\000\040\000o\000f\000\040\000S\000p\000a\000c\000e\000s}{part.1}% 25
\BOOKMARK [1][-]{section.11}{\376\377\000M\000a\000p\000p\000i\000n\000g\000\040\000S\000p\000a\000c\000e\000s\000\040\000a\000n\000d\000\040\000B\000o\000u\000s\000f\000i\000e\000l\000d\000\040\000L\000o\000c\000a\000l\000i\000s\000a\000t\000i\000o\000n\000s}{part.1}% 26
\BOOKMARK [1][-]{section.12}{\376\377\000D\000e\000n\000d\000r\000o\000i\000d\000a\000l\000\040\000S\000p\000a\000c\000e\000s\000\040\000a\000n\000d\000\040\000-\000O\000p\000e\000r\000a\000d\000s}{part.1}% 27
\BOOKMARK [1][-]{section.13}{\376\377\000L\000e\000f\000t\000\040\000F\000i\000b\000r\000a\000t\000i\000o\000n\000s\000\040\000a\000n\000d\000\040\000t\000h\000e\000\040\000C\000o\000v\000a\000r\000i\000a\000n\000t\000\040\000M\000o\000d\000e\000l\000\040\000S\000t\000r\000u\000c\000t\000u\000r\000e}{part.1}% 28
\BOOKMARK [1][-]{section.14}{\376\377\000S\000i\000m\000p\000l\000i\000c\000a\000l\000\040\000O\000p\000e\000r\000a\000d\000s\000\040\000a\000n\000d\000\040\000-\000O\000p\000e\000r\000a\000d\000s}{part.1}% 29
\BOOKMARK [1][-]{section.15}{\376\377\000S\000o\000m\000e\000\040\000R\000e\000s\000e\000a\000r\000c\000h}{part.1}% 30
\BOOKMARK [2][-]{subsection.15.1}{\376\377\000D\000a\000n\000o\000i\000d\000a\000l\000\040\000S\000e\000t\000s}{section.15}% 31
\BOOKMARK [2][-]{subsection.15.2}{\376\377\000K\000a\000n\000o\000i\000d\000a\000l\000\040\000S\000e\000t\000s}{section.15}% 32
\BOOKMARK [2][-]{subsection.15.3}{\376\377\000H\000o\000k\000o\000i\000d\000a\000l\000\040\000S\000e\000t\000s}{section.15}% 33
\BOOKMARK [2][-]{subsection.15.4}{\376\377\000K\000u\000k\000a\000n\000a\000l\000\040\000S\000e\000t}{section.15}% 34
\BOOKMARK [2][-]{subsection.15.5}{\376\377\000G\000e\000n\000e\000r\000a\000l\000\040\000S\000e\000n\000t\000o\000i\000d\000a\000l\000\040\000S\000e\000t\000s}{section.15}% 35
