\BOOKMARK [0][-]{part.1}{\376\377\000I\000\040\000S\000h\000e\000a\000f\000\040\000T\000h\000e\000o\000r\000y\000,\000\040\000B\000r\000e\000d\000o\000n}{}% 1
\BOOKMARK [1][-]{section.1}{\376\377\000S\000h\000e\000a\000v\000e\000s\000\040\000a\000n\000d\000\040\000P\000r\000e\000s\000h\000e\000a\000v\000e\000s}{part.1}% 2
\BOOKMARK [2][-]{subsection.1.1}{\376\377\000D\000e\000f\000i\000n\000i\000t\000i\000o\000n\000s}{section.1}% 3
\BOOKMARK [2][-]{subsection.1.2}{\376\377\000H\000o\000m\000o\000m\000o\000r\000p\000h\000i\000s\000m\000s\000,\000\040\000S\000u\000b\000s\000h\000e\000a\000v\000e\000s\000\040\000a\000n\000d\000\040\000Q\000u\000o\000t\000i\000e\000n\000t\000\040\000S\000h\000e\000a\000v\000e\000s}{section.1}% 4
\BOOKMARK [2][-]{subsection.1.3}{\376\377\000D\000i\000r\000e\000c\000t\000\040\000a\000n\000d\000\040\000I\000n\000v\000e\000r\000s\000e\000\040\000I\000m\000a\000g\000e\000s}{section.1}% 5
\BOOKMARK [2][-]{subsection.1.4}{\376\377\000C\000o\000h\000o\000m\000o\000m\000o\000r\000p\000h\000i\000s\000m\000s}{section.1}% 6
\BOOKMARK [2][-]{subsection.1.5}{\376\377\000A\000l\000g\000e\000b\000r\000a\000i\000c\000\040\000C\000o\000n\000s\000t\000r\000u\000c\000t\000i\000o\000n\000s}{section.1}% 7
\BOOKMARK [2][-]{subsection.1.6}{\376\377\000S\000u\000p\000p\000o\000r\000t\000s}{section.1}% 8
\BOOKMARK [2][-]{subsection.1.7}{\376\377\000C\000l\000a\000s\000s\000i\000c\000a\000l\000\040\000C\000o\000h\000o\000m\000o\000l\000o\000g\000y\000\040\000T\000h\000e\000o\000r\000i\000e\000s}{section.1}% 9
\BOOKMARK [1][-]{section.2}{\376\377\000S\000h\000e\000a\000f\000\040\000C\000o\000h\000m\000o\000l\000o\000g\000y}{part.1}% 10
\BOOKMARK [2][-]{subsection.2.1}{\376\377\000D\000i\000f\000f\000e\000r\000e\000n\000t\000i\000a\000l\000\040\000S\000h\000e\000a\000v\000e\000s\000\040\000a\000n\000d\000\040\000R\000e\000s\000o\000l\000u\000t\000i\000o\000n\000s}{section.2}% 11
\BOOKMARK [2][-]{subsection.2.2}{\376\377\000T\000h\000e\000\040\000C\000a\000n\000o\000n\000i\000c\000a\000l\000\040\000R\000e\000s\000o\000l\000u\000t\000i\000o\000n\000\040\000a\000n\000d\000\040\000S\000h\000e\000a\000f\000\040\000C\000o\000h\000o\000m\000o\000l\000o\000g\000y}{section.2}% 12
\BOOKMARK [2][-]{subsection.2.3}{\376\377\000I\000n\000j\000e\000c\000t\000i\000v\000e\000\040\000S\000h\000e\000a\000v\000e\000s}{section.2}% 13
\BOOKMARK [2][-]{subsection.2.4}{\376\377\000A\000c\000y\000c\000l\000i\000c\000\040\000S\000h\000e\000a\000v\000e\000s}{section.2}% 14
\BOOKMARK [2][-]{subsection.2.5}{\376\377\000F\000l\000a\000b\000b\000y\000\040\000S\000h\000e\000a\000v\000e\000s}{section.2}% 15
\BOOKMARK [2][-]{subsection.2.6}{\376\377\000C\000o\000n\000n\000e\000c\000t\000e\000d\000\040\000S\000e\000q\000u\000e\000n\000c\000e\000s\000\040\000o\000f\000\040\000F\000u\000n\000c\000t\000o\000r\000s}{section.2}% 16
\BOOKMARK [2][-]{subsection.2.7}{\376\377\000A\000x\000i\000o\000m\000s\000\040\000f\000o\000r\000\040\000C\000o\000h\000m\000o\000m\000o\000l\000o\000g\000y\000\040\000a\000n\000d\000\040\000t\000h\000e\000\040\000C\000u\000p\000\040\000P\000r\000o\000d\000u\000c\000t}{section.2}% 17
\BOOKMARK [2][-]{subsection.2.8}{\376\377\000M\000a\000p\000s\000\040\000o\000f\000\040\000S\000p\000a\000c\000e\000s}{section.2}% 18
\BOOKMARK [2][-]{subsection.2.9}{\376\377\000-\000S\000o\000f\000t\000\040\000a\000n\000d\000\040\000-\000F\000i\000n\000e\000\040\000S\000h\000e\000a\000v\000e\000s}{section.2}% 19
\BOOKMARK [2][-]{subsection.2.10}{\376\377\000S\000u\000b\000s\000p\000a\000c\000e\000s}{section.2}% 20
\BOOKMARK [2][-]{subsection.2.11}{\376\377\000T\000h\000e\000\040\000V\000i\000e\000t\000o\000r\000i\000s\000\040\000M\000a\000p\000i\000n\000g\000\040\000T\000h\000e\000o\000r\000e\000m\000\040\000a\000n\000d\000\040\000H\000o\000m\000o\000t\000o\000p\000y\000\040\000I\000n\000v\000a\000r\000i\000a\000n\000c\000e}{section.2}% 21
\BOOKMARK [2][-]{subsection.2.12}{\376\377\000R\000e\000l\000a\000t\000i\000v\000e\000\040\000C\000o\000h\000o\000m\000o\000l\000o\000g\000y}{section.2}% 22
\BOOKMARK [2][-]{subsection.2.13}{\376\377\000M\000a\000y\000e\000r\000-\000V\000i\000e\000t\000o\000r\000i\000s\000\040\000T\000h\000e\000o\000r\000e\000m\000s}{section.2}% 23
\BOOKMARK [2][-]{subsection.2.14}{\376\377\000C\000o\000n\000t\000i\000n\000u\000i\000t\000y}{section.2}% 24
\BOOKMARK [2][-]{subsection.2.15}{\376\377\000T\000h\000e\000\040\000K\000\374\000n\000n\000e\000t\000h\000\040\000a\000n\000d\000\040\000U\000n\000i\000v\000e\000r\000s\000a\000l\000\040\000C\000o\000e\000f\000f\000i\000c\000i\000e\000n\000t\000\040\000T\000h\000e\000o\000r\000e\000m\000s}{section.2}% 25
\BOOKMARK [2][-]{subsection.2.16}{\376\377\000D\000i\000m\000e\000n\000s\000i\000o\000n}{section.2}% 26
\BOOKMARK [2][-]{subsection.2.17}{\376\377\000L\000o\000c\000a\000l\000\040\000C\000o\000n\000n\000e\000c\000t\000i\000v\000i\000t\000y}{section.2}% 27
\BOOKMARK [2][-]{subsection.2.18}{\376\377\000C\000h\000a\000n\000g\000e\000\040\000p\000f\000\040\000S\000u\000p\000p\000o\000r\000t\000s\000\040\000a\000n\000d\000\040\000L\000o\000c\000a\000l\000\040\000C\000o\000h\000o\000m\000o\000l\000o\000g\000y\000\040\000G\000r\000o\000u\000p\000s}{section.2}% 28
\BOOKMARK [2][-]{subsection.2.19}{\376\377\000T\000h\000e\000\040\000T\000r\000a\000n\000s\000f\000e\000r\000\040\000H\000o\000m\000o\000m\000o\000r\000p\000h\000i\000s\000m\000\040\000a\000n\000d\000\040\000t\000h\000e\000\040\000S\000m\000i\000t\000h\000\040\000S\000e\000q\000u\000e\000n\000c\000e\000s}{section.2}% 29
\BOOKMARK [2][-]{subsection.2.20}{\376\377\000S\000t\000e\000e\000n\000r\000o\000d\000'\000s\000\040\000C\000y\000c\000l\000i\000c\000\040\000R\000e\000d\000u\000c\000e\000d\000\040\000P\000o\000w\000e\000r\000s}{section.2}% 30
\BOOKMARK [2][-]{subsection.2.21}{\376\377\000T\000h\000e\000\040\000S\000t\000e\000e\000n\000r\000o\000d\000\040\000O\000p\000e\000r\000a\000t\000i\000o\000n\000s}{section.2}% 31
\BOOKMARK [1][-]{section.3}{\376\377\000C\000o\000m\000p\000a\000r\000i\000s\000o\000n\000\040\000w\000i\000t\000h\000\040\000O\000t\000h\000e\000r\000\040\000C\000o\000h\000o\000m\000o\000l\000o\000g\000y\000\040\000T\000h\000e\000o\000r\000i\000e\000s}{part.1}% 32
\BOOKMARK [2][-]{subsection.3.1}{\376\377\000S\000i\000n\000g\000u\000l\000a\000r\000\040\000C\000o\000h\000o\000m\000o\000l\000o\000g\000y}{section.3}% 33
\BOOKMARK [2][-]{subsection.3.2}{\376\377\000A\000l\000e\000x\000a\000n\000d\000e\000r\000-\000S\000p\000a\000n\000i\000e\000r\000\040\000C\000o\000h\000o\000m\000o\000l\000o\000g\000y}{section.3}% 34
\BOOKMARK [2][-]{subsection.3.3}{\376\377\000d\000e\000\040\000R\000h\000a\000m\000\040\000C\000o\000h\000m\000o\000m\000o\000l\000o\000g\000y}{section.3}% 35
\BOOKMARK [2][-]{subsection.3.4}{\376\377\000C\000e\000c\000h\000\040\000C\000o\000h\000o\000m\000o\000l\000o\000g\000y}{section.3}% 36
\BOOKMARK [1][-]{section.4}{\376\377\000A\000p\000p\000l\000i\000c\000a\000t\000i\000o\000n\000s\000\040\000o\000f\000\040\000S\000p\000e\000c\000t\000r\000a\000l\000\040\000S\000e\000q\000u\000e\000n\000c\000e\000s}{part.1}% 37
\BOOKMARK [2][-]{subsection.4.1}{\376\377\000T\000h\000e\000\040\000S\000p\000e\000c\000t\000r\000a\000l\000\040\000S\000e\000q\000u\000e\000n\000c\000e\000\040\000o\000f\000\040\000a\000\040\000D\000i\000f\000f\000e\000r\000e\000n\000t\000i\000a\000l\000\040\000S\000h\000e\000a\000f}{section.4}% 38
\BOOKMARK [2][-]{subsection.4.2}{\376\377\000T\000h\000e\000\040\000F\000u\000n\000d\000a\000m\000e\000n\000t\000a\000l\000\040\000T\000h\000e\000o\000r\000e\000m\000s\000\040\000o\000f\000\040\000S\000h\000e\000a\000v\000e\000s}{section.4}% 39
\BOOKMARK [2][-]{subsection.4.3}{\376\377\000D\000i\000r\000e\000c\000t\000\040\000I\000m\000a\000g\000e\000\040\000R\000e\000l\000a\000t\000i\000v\000e\000\040\000t\000o\000\040\000a\000\040\000S\000u\000p\000p\000o\000r\000t\000\040\000F\000a\000m\000i\000l\000y}{section.4}% 40
\BOOKMARK [2][-]{subsection.4.4}{\376\377\000T\000h\000e\000\040\000L\000e\000r\000a\000y\000\040\000S\000h\000e\000a\000f}{section.4}% 41
\BOOKMARK [2][-]{subsection.4.5}{\376\377\000E\000x\000t\000e\000n\000s\000i\000o\000n\000\040\000o\000f\000\040\000a\000\040\000S\000u\000p\000p\000o\000r\000t\000\040\000F\000a\000m\000i\000l\000y\000\040\000b\000y\000\040\000a\000\040\000F\000a\000m\000i\000l\000y\000\040\000o\000n\000\040\000t\000h\000e\000\040\000B\000a\000s\000e\000\040\000S\000p\000a\000c\000e}{section.4}% 42
\BOOKMARK [2][-]{subsection.4.6}{\376\377\000T\000h\000e\000\040\000L\000e\000r\000a\000y\000\040\000S\000p\000e\000c\000t\000r\000a\000l\000\040\000S\000e\000q\000u\000e\000n\000c\000e\000\040\000o\000f\000\040\000a\000\040\000M\000a\000p}{section.4}% 43
\BOOKMARK [2][-]{subsection.4.7}{\376\377\000F\000i\000b\000e\000r\000\040\000B\000u\000n\000d\000l\000e\000s}{section.4}% 44
\BOOKMARK [2][-]{subsection.4.8}{\376\377\000D\000i\000m\000e\000n\000s\000i\000o\000n}{section.4}% 45
\BOOKMARK [2][-]{subsection.4.9}{\376\377\000T\000h\000e\000\040\000S\000p\000e\000c\000t\000r\000a\000l\000\040\000S\000e\000q\000u\000e\000n\000c\000e\000s\000\040\000o\000f\000\040\000B\000o\000r\000e\000l\000\040\000a\000n\000d\000\040\000C\000a\000r\000t\000a\000n}{section.4}% 46
\BOOKMARK [2][-]{subsection.4.10}{\376\377\000C\000h\000a\000r\000a\000c\000t\000e\000r\000i\000s\000t\000i\000c\000\040\000C\000l\000a\000s\000s\000e\000s}{section.4}% 47
\BOOKMARK [2][-]{subsection.4.11}{\376\377\000T\000h\000e\000\040\000S\000p\000e\000c\000t\000r\000a\000l\000\040\000S\000e\000q\000u\000e\000n\000c\000e\000\040\000o\000f\000\040\000a\000\040\000F\000i\000l\000t\000e\000r\000e\000d\000\040\000D\000i\000f\000f\000e\000r\000e\000n\000t\000i\000a\000l\000\040\000S\000h\000e\000a\000f}{section.4}% 48
\BOOKMARK [2][-]{subsection.4.12}{\376\377\000T\000h\000e\000\040\000F\000a\000r\000y\000\040\000S\000p\000e\000c\000t\000r\000a\000l\000\040\000S\000e\000q\000u\000e\000n\000c\000e}{section.4}% 49
\BOOKMARK [2][-]{subsection.4.13}{\376\377\000S\000p\000h\000e\000r\000e\000\040\000B\000u\000n\000d\000l\000e\000s\000\040\000w\000i\000t\000h\000\040\000S\000i\000n\000g\000u\000l\000a\000r\000i\000t\000i\000e\000s}{section.4}% 50
\BOOKMARK [2][-]{subsection.4.14}{\376\377\000T\000h\000e\000\040\000O\000l\000i\000v\000e\000r\000\040\000T\000r\000a\000n\000s\000f\000e\000r\000\040\000a\000n\000d\000\040\000t\000h\000e\000\040\000C\000o\000n\000n\000e\000r\000\040\000C\000o\000n\000j\000e\000c\000t\000u\000r\000e}{section.4}% 51
\BOOKMARK [1][-]{section.5}{\376\377\000B\000o\000r\000e\000l\000-\000M\000o\000o\000r\000e\000\040\000H\000o\000m\000o\000l\000o\000g\000y}{part.1}% 52
\BOOKMARK [2][-]{subsection.5.1}{\376\377\000C\000o\000s\000h\000e\000a\000v\000e\000s}{section.5}% 53
\BOOKMARK [2][-]{subsection.5.2}{\376\377\000T\000h\000e\000\040\000D\000u\000a\000l\000\040\000o\000f\000\040\000a\000\040\000D\000i\000f\000f\000e\000r\000e\000n\000t\000i\000a\000l\000\040\000C\000o\000s\000h\000e\000a\000f}{section.5}% 54
\BOOKMARK [2][-]{subsection.5.3}{\376\377\000H\000o\000m\000o\000l\000o\000g\000y\000\040\000T\000h\000e\000o\000r\000y}{section.5}% 55
\BOOKMARK [2][-]{subsection.5.4}{\376\377\000M\000a\000p\000s\000\040\000o\000f\000\040\000S\000p\000a\000c\000e\000s}{section.5}% 56
\BOOKMARK [2][-]{subsection.5.5}{\376\377\000S\000u\000b\000s\000p\000a\000c\000e\000s\000\040\000a\000n\000d\000\040\000R\000e\000l\000a\000t\000i\000v\000e\000\040\000H\000o\000m\000o\000l\000o\000g\000y}{section.5}% 57
\BOOKMARK [2][-]{subsection.5.6}{\376\377\000T\000h\000e\000\040\000V\000i\000e\000r\000t\000o\000r\000i\000s\000\040\000T\000h\000e\000o\000r\000e\000m\000,\000\040\000H\000o\000m\000o\000t\000o\000p\000y\000\040\000a\000n\000d\000\040\000C\000o\000v\000e\000r\000i\000n\000g\000\040\000S\000p\000a\000c\000e\000s}{section.5}% 58
\BOOKMARK [2][-]{subsection.5.7}{\376\377\000T\000h\000e\000\040\000H\000o\000m\000o\000l\000o\000g\000y\000\040\000S\000h\000e\000a\000f\000\040\000o\000f\000\040\000a\000\040\000M\000a\000p}{section.5}% 59
\BOOKMARK [2][-]{subsection.5.8}{\376\377\000T\000h\000e\000\040\000B\000a\000s\000i\000c\000\040\000S\000p\000e\000c\000t\000r\000a\000l\000\040\000S\000e\000q\000u\000e\000n\000c\000e}{section.5}% 60
\BOOKMARK [2][-]{subsection.5.9}{\376\377\000P\000o\000i\000n\000c\000a\000r\000\351\000\040\000D\000u\000a\000l\000i\000t\000y}{section.5}% 61
\BOOKMARK [2][-]{subsection.5.10}{\376\377\000T\000h\000e\000\040\000C\000a\000p\000\040\000P\000r\000o\000d\000u\000c\000t}{section.5}% 62
\BOOKMARK [2][-]{subsection.5.11}{\376\377\000I\000n\000t\000e\000r\000s\000e\000c\000t\000i\000o\000n\000\040\000T\000h\000e\000o\000r\000y}{section.5}% 63
\BOOKMARK [2][-]{subsection.5.12}{\376\377\000U\000n\000i\000q\000u\000e\000n\000e\000s\000s\000\040\000T\000h\000e\000o\000r\000e\000m\000s}{section.5}% 64
\BOOKMARK [2][-]{subsection.5.13}{\376\377\000U\000n\000i\000q\000u\000e\000n\000e\000s\000s\000\040\000T\000h\000e\000o\000r\000e\000m\000s\000\040\000f\000o\000r\000\040\000M\000a\000p\000s\000\040\000a\000n\000d\000\040\000R\000e\000l\000a\000t\000i\000v\000e\000\040\000H\000o\000m\000o\000l\000o\000g\000y}{section.5}% 65
\BOOKMARK [2][-]{subsection.5.14}{\376\377\000T\000h\000e\000\040\000K\000\374\000n\000n\000e\000t\000h\000\040\000F\000o\000r\000m\000u\000l\000a}{section.5}% 66
\BOOKMARK [2][-]{subsection.5.15}{\376\377\000C\000h\000a\000n\000g\000e\000\040\000o\000f\000\040\000R\000i\000n\000g\000s}{section.5}% 67
\BOOKMARK [2][-]{subsection.5.16}{\376\377\000G\000e\000n\000e\000r\000a\000l\000i\000s\000e\000d\000\040\000M\000a\000n\000i\000f\000o\000l\000d\000s}{section.5}% 68
\BOOKMARK [2][-]{subsection.5.17}{\376\377\000L\000o\000c\000a\000l\000l\000y\000\040\000H\000o\000m\000o\000g\000e\000n\000o\000u\000s\000\040\000S\000p\000a\000c\000e\000s}{section.5}% 69
\BOOKMARK [2][-]{subsection.5.18}{\376\377\000H\000o\000m\000o\000l\000o\000g\000i\000c\000a\000l\000\040\000F\000i\000b\000r\000a\000t\000i\000o\000n\000s\000\040\000a\000n\000d\000\040\000p\000-\000a\000d\000i\000c\000\040\000T\000r\000a\000n\000s\000f\000o\000r\000m\000a\000t\000i\000o\000n\000\040\000G\000r\000o\000u\000p\000s}{section.5}% 70
\BOOKMARK [2][-]{subsection.5.19}{\376\377\000T\000h\000e\000\040\000T\000r\000a\000n\000s\000f\000e\000r\000\040\000H\000o\000m\000o\000m\000o\000r\000p\000h\000i\000s\000m\000\040\000o\000n\000\040\000H\000o\000m\000o\000l\000o\000g\000y}{section.5}% 71
\BOOKMARK [2][-]{subsection.5.20}{\376\377\000S\000m\000i\000t\000h\000\040\000T\000h\000e\000o\000r\000y\000\040\000i\000n\000\040\000H\000o\000m\000o\000l\000o\000g\000y}{section.5}% 72
\BOOKMARK [1][-]{section.6}{\376\377\000C\000o\000s\000h\000e\000a\000v\000e\000s\000\040\000a\000n\000d\000\040\000C\000e\000c\000h\000\040\000H\000o\000m\000o\000l\000o\000g\000y}{part.1}% 73
\BOOKMARK [2][-]{subsection.6.1}{\376\377\000T\000h\000e\000o\000r\000y\000\040\000o\000f\000\040\000C\000o\000s\000h\000e\000a\000v\000e\000s}{section.6}% 74
\BOOKMARK [2][-]{subsection.6.2}{\376\377\000L\000o\000c\000a\000l\000\040\000T\000r\000i\000v\000i\000a\000l\000i\000t\000y}{section.6}% 75
\BOOKMARK [2][-]{subsection.6.3}{\376\377\000L\000o\000c\000a\000l\000\040\000I\000s\000o\000m\000o\000r\000p\000h\000i\000s\000m\000s}{section.6}% 76
\BOOKMARK [2][-]{subsection.6.4}{\376\377\000C\000h\000e\000c\000h\000\040\000H\000o\000m\000o\000l\000o\000g\000y}{section.6}% 77
\BOOKMARK [2][-]{subsection.6.5}{\376\377\000T\000h\000e\000\040\000R\000e\000f\000l\000e\000c\000t\000o\000r}{section.6}% 78
\BOOKMARK [2][-]{subsection.6.6}{\376\377\000S\000p\000e\000c\000t\000r\000a\000l\000\040\000S\000e\000q\000u\000e\000n\000c\000e\000s}{section.6}% 79
\BOOKMARK [2][-]{subsection.6.7}{\376\377\000C\000o\000r\000e\000s\000o\000l\000u\000t\000i\000o\000n\000s}{section.6}% 80
\BOOKMARK [2][-]{subsection.6.8}{\376\377\000R\000e\000l\000a\000t\000i\000v\000e\000\040\000C\000e\000c\000h\000\040\000H\000o\000m\000o\000l\000o\000g\000y}{section.6}% 81
\BOOKMARK [2][-]{subsection.6.9}{\376\377\000L\000o\000c\000a\000l\000l\000y\000\040\000P\000a\000r\000a\000c\000o\000m\000p\000a\000c\000t\000\040\000S\000p\000a\000c\000e\000s}{section.6}% 82
\BOOKMARK [2][-]{subsection.6.10}{\376\377\000B\000o\000r\000e\000l\000-\000M\000o\000o\000r\000e\000\040\000H\000o\000m\000o\000l\000o\000g\000y}{section.6}% 83
\BOOKMARK [2][-]{subsection.6.11}{\376\377\000M\000o\000d\000i\000f\000i\000e\000d\000\040\000B\000a\000r\000e\000l\000-\000M\000o\000o\000r\000e\000\040\000H\000o\000m\000o\000l\000o\000g\000y}{section.6}% 84
\BOOKMARK [2][-]{subsection.6.12}{\376\377\000S\000i\000n\000g\000u\000l\000a\000r\000\040\000H\000o\000m\000o\000l\000o\000g\000y}{section.6}% 85
\BOOKMARK [2][-]{subsection.6.13}{\376\377\000A\000c\000y\000c\000l\000i\000c\000\040\000C\000o\000v\000e\000r\000i\000n\000g\000s}{section.6}% 86
\BOOKMARK [2][-]{subsection.6.14}{\376\377\000A\000p\000p\000l\000i\000c\000a\000t\000i\000o\000n\000s\000\040\000t\000o\000\040\000M\000a\000p\000s}{section.6}% 87
